{"C:\\Users\\user\\aijobchommie-pwa\\frontend\\src\\App.js": {"path":"C:\\Users\\user\\aijobchommie-pwa\\frontend\\src\\App.js","statementMap":{"0":{"start":{"line":39,"column":26},"end":{"line":39,"column":40}},"1":{"start":{"line":40,"column":32},"end":{"line":40,"column":46}},"2":{"start":{"line":42,"column":2},"end":{"line":61,"column":9}},"3":{"start":{"line":44,"column":4},"end":{"line":44,"column":16}},"4":{"start":{"line":47,"column":35},"end":{"line":53,"column":6}},"5":{"start":{"line":48,"column":6},"end":{"line":52,"column":7}},"6":{"start":{"line":49,"column":8},"end":{"line":49,"column":30}},"7":{"start":{"line":51,"column":8},"end":{"line":51,"column":22}},"8":{"start":{"line":56,"column":4},"end":{"line":56,"column":45}},"9":{"start":{"line":58,"column":4},"end":{"line":60,"column":6}},"10":{"start":{"line":59,"column":6},"end":{"line":59,"column":46}},"11":{"start":{"line":63,"column":20},"end":{"line":72,"column":3}},"12":{"start":{"line":64,"column":4},"end":{"line":71,"column":5}},"13":{"start":{"line":65,"column":33},"end":{"line":65,"column":62}},"14":{"start":{"line":66,"column":6},"end":{"line":66,"column":20}},"15":{"start":{"line":68,"column":6},"end":{"line":68,"column":51}},"16":{"start":{"line":70,"column":6},"end":{"line":70,"column":24}},"17":{"start":{"line":75,"column":18},"end":{"line":75,"column":100}},"18":{"start":{"line":77,"column":2},"end":{"line":83,"column":3}},"19":{"start":{"line":78,"column":4},"end":{"line":82,"column":6}},"20":{"start":{"line":85,"column":2},"end":{"line":174,"column":4}}},"fnMap":{"0":{"name":"App","decl":{"start":{"line":38,"column":9},"end":{"line":38,"column":12}},"loc":{"start":{"line":38,"column":15},"end":{"line":175,"column":1}},"line":38},"1":{"name":"(anonymous_1)","decl":{"start":{"line":42,"column":12},"end":{"line":42,"column":13}},"loc":{"start":{"line":42,"column":18},"end":{"line":61,"column":3}},"line":42},"2":{"name":"(anonymous_2)","decl":{"start":{"line":47,"column":67},"end":{"line":47,"column":68}},"loc":{"start":{"line":47,"column":93},"end":{"line":53,"column":5}},"line":47},"3":{"name":"(anonymous_3)","decl":{"start":{"line":58,"column":11},"end":{"line":58,"column":12}},"loc":{"start":{"line":58,"column":17},"end":{"line":60,"column":5}},"line":58},"4":{"name":"(anonymous_4)","decl":{"start":{"line":63,"column":20},"end":{"line":63,"column":21}},"loc":{"start":{"line":63,"column":32},"end":{"line":72,"column":3}},"line":63}},"branchMap":{"0":{"loc":{"start":{"line":48,"column":6},"end":{"line":52,"column":7}},"type":"if","locations":[{"start":{"line":48,"column":6},"end":{"line":52,"column":7}},{"start":{"line":50,"column":13},"end":{"line":52,"column":7}}],"line":48},"1":{"loc":{"start":{"line":75,"column":18},"end":{"line":75,"column":100}},"type":"binary-expr","locations":[{"start":{"line":75,"column":18},"end":{"line":75,"column":22}},{"start":{"line":75,"column":26},"end":{"line":75,"column":100}}],"line":75},"2":{"loc":{"start":{"line":77,"column":2},"end":{"line":83,"column":3}},"type":"if","locations":[{"start":{"line":77,"column":2},"end":{"line":83,"column":3}},{"start":{},"end":{}}],"line":77},"3":{"loc":{"start":{"line":100,"column":9},"end":{"line":100,"column":61}},"type":"binary-expr","locations":[{"start":{"line":100,"column":9},"end":{"line":100,"column":13}},{"start":{"line":100,"column":17},"end":{"line":100,"column":61}}],"line":100},"4":{"loc":{"start":{"line":103,"column":9},"end":{"line":103,"column":71}},"type":"binary-expr","locations":[{"start":{"line":103,"column":9},"end":{"line":103,"column":48}},{"start":{"line":103,"column":52},"end":{"line":103,"column":71}}],"line":103},"5":{"loc":{"start":{"line":107,"column":49},"end":{"line":107,"column":76}},"type":"cond-expr","locations":[{"start":{"line":107,"column":56},"end":{"line":107,"column":63}},{"start":{"line":107,"column":66},"end":{"line":107,"column":76}}],"line":107},"6":{"loc":{"start":{"line":121,"column":21},"end":{"line":121,"column":75}},"type":"cond-expr","locations":[{"start":{"line":121,"column":28},"end":{"line":121,"column":40}},{"start":{"line":121,"column":43},"end":{"line":121,"column":75}}],"line":121},"7":{"loc":{"start":{"line":125,"column":21},"end":{"line":125,"column":80}},"type":"cond-expr","locations":[{"start":{"line":125,"column":28},"end":{"line":125,"column":45}},{"start":{"line":125,"column":48},"end":{"line":125,"column":80}}],"line":125},"8":{"loc":{"start":{"line":129,"column":21},"end":{"line":129,"column":75}},"type":"cond-expr","locations":[{"start":{"line":129,"column":28},"end":{"line":129,"column":40}},{"start":{"line":129,"column":43},"end":{"line":129,"column":75}}],"line":129},"9":{"loc":{"start":{"line":133,"column":21},"end":{"line":133,"column":75}},"type":"cond-expr","locations":[{"start":{"line":133,"column":28},"end":{"line":133,"column":40}},{"start":{"line":133,"column":43},"end":{"line":133,"column":75}}],"line":133},"10":{"loc":{"start":{"line":137,"column":21},"end":{"line":137,"column":78}},"type":"cond-expr","locations":[{"start":{"line":137,"column":28},"end":{"line":137,"column":43}},{"start":{"line":137,"column":46},"end":{"line":137,"column":78}}],"line":137},"11":{"loc":{"start":{"line":141,"column":21},"end":{"line":141,"column":83}},"type":"cond-expr","locations":[{"start":{"line":141,"column":28},"end":{"line":141,"column":48}},{"start":{"line":141,"column":51},"end":{"line":141,"column":83}}],"line":141},"12":{"loc":{"start":{"line":145,"column":21},"end":{"line":145,"column":79}},"type":"cond-expr","locations":[{"start":{"line":145,"column":28},"end":{"line":145,"column":44}},{"start":{"line":145,"column":47},"end":{"line":145,"column":79}}],"line":145},"13":{"loc":{"start":{"line":149,"column":21},"end":{"line":149,"column":86}},"type":"cond-expr","locations":[{"start":{"line":149,"column":28},"end":{"line":149,"column":51}},{"start":{"line":149,"column":54},"end":{"line":149,"column":86}}],"line":149},"14":{"loc":{"start":{"line":153,"column":21},"end":{"line":153,"column":83}},"type":"cond-expr","locations":[{"start":{"line":153,"column":28},"end":{"line":153,"column":48}},{"start":{"line":153,"column":51},"end":{"line":153,"column":83}}],"line":153},"15":{"loc":{"start":{"line":157,"column":21},"end":{"line":157,"column":85}},"type":"cond-expr","locations":[{"start":{"line":157,"column":28},"end":{"line":157,"column":50}},{"start":{"line":157,"column":53},"end":{"line":157,"column":85}}],"line":157},"16":{"loc":{"start":{"line":163,"column":21},"end":{"line":163,"column":86}},"type":"cond-expr","locations":[{"start":{"line":163,"column":31},"end":{"line":163,"column":51}},{"start":{"line":163,"column":54},"end":{"line":163,"column":86}}],"line":163}},"s":{"0":0,"1":0,"2":0,"3":0,"4":0,"5":0,"6":0,"7":0,"8":0,"9":0,"10":0,"11":0,"12":0,"13":0,"14":0,"15":0,"16":0,"17":0,"18":0,"19":0,"20":0},"f":{"0":0,"1":0,"2":0,"3":0,"4":0},"b":{"0":[0,0],"1":[0,0],"2":[0,0],"3":[0,0],"4":[0,0],"5":[0,0],"6":[0,0],"7":[0,0],"8":[0,0],"9":[0,0],"10":[0,0],"11":[0,0],"12":[0,0],"13":[0,0],"14":[0,0],"15":[0,0],"16":[0,0]}}
,"C:\\Users\\user\\aijobchommie-pwa\\frontend\\src\\components\\Login.jsx": {"path":"C:\\Users\\user\\aijobchommie-pwa\\frontend\\src\\components\\Login.jsx","statementMap":{"0":{"start":{"line":8,"column":14},"end":{"line":141,"column":1}},"1":{"start":{"line":9,"column":28},"end":{"line":9,"column":40}},"2":{"start":{"line":10,"column":34},"end":{"line":10,"column":46}},"3":{"start":{"line":11,"column":36},"end":{"line":11,"column":51}},"4":{"start":{"line":12,"column":34},"end":{"line":12,"column":49}},"5":{"start":{"line":13,"column":19},"end":{"line":13,"column":32}},"6":{"start":{"line":15,"column":21},"end":{"line":53,"column":3}},"7":{"start":{"line":16,"column":4},"end":{"line":16,"column":23}},"8":{"start":{"line":17,"column":4},"end":{"line":17,"column":23}},"9":{"start":{"line":19,"column":4},"end":{"line":52,"column":5}},"10":{"start":{"line":20,"column":6},"end":{"line":47,"column":7}},"11":{"start":{"line":22,"column":32},"end":{"line":31,"column":10}},"12":{"start":{"line":33,"column":8},"end":{"line":33,"column":31}},"13":{"start":{"line":33,"column":19},"end":{"line":33,"column":31}},"14":{"start":{"line":35,"column":8},"end":{"line":35,"column":67}},"15":{"start":{"line":38,"column":32},"end":{"line":41,"column":10}},"16":{"start":{"line":43,"column":8},"end":{"line":43,"column":31}},"17":{"start":{"line":43,"column":19},"end":{"line":43,"column":31}},"18":{"start":{"line":45,"column":8},"end":{"line":45,"column":39}},"19":{"start":{"line":46,"column":8},"end":{"line":46,"column":26}},"20":{"start":{"line":49,"column":6},"end":{"line":49,"column":33}},"21":{"start":{"line":51,"column":6},"end":{"line":51,"column":26}},"22":{"start":{"line":55,"column":2},"end":{"line":140,"column":4}},"23":{"start":{"line":83,"column":33},"end":{"line":83,"column":57}},"24":{"start":{"line":96,"column":33},"end":{"line":96,"column":60}},"25":{"start":{"line":108,"column":29},"end":{"line":108,"column":57}},"26":{"start":{"line":127,"column":27},"end":{"line":127,"column":49}}},"fnMap":{"0":{"name":"(anonymous_0)","decl":{"start":{"line":8,"column":14},"end":{"line":8,"column":15}},"loc":{"start":{"line":8,"column":20},"end":{"line":141,"column":1}},"line":8},"1":{"name":"(anonymous_1)","decl":{"start":{"line":15,"column":21},"end":{"line":15,"column":22}},"loc":{"start":{"line":15,"column":34},"end":{"line":53,"column":3}},"line":15},"2":{"name":"(anonymous_2)","decl":{"start":{"line":83,"column":26},"end":{"line":83,"column":27}},"loc":{"start":{"line":83,"column":33},"end":{"line":83,"column":57}},"line":83},"3":{"name":"(anonymous_3)","decl":{"start":{"line":96,"column":26},"end":{"line":96,"column":27}},"loc":{"start":{"line":96,"column":33},"end":{"line":96,"column":60}},"line":96},"4":{"name":"(anonymous_4)","decl":{"start":{"line":108,"column":23},"end":{"line":108,"column":24}},"loc":{"start":{"line":108,"column":29},"end":{"line":108,"column":57}},"line":108},"5":{"name":"(anonymous_5)","decl":{"start":{"line":127,"column":21},"end":{"line":127,"column":22}},"loc":{"start":{"line":127,"column":27},"end":{"line":127,"column":49}},"line":127}},"branchMap":{"0":{"loc":{"start":{"line":20,"column":6},"end":{"line":47,"column":7}},"type":"if","locations":[{"start":{"line":20,"column":6},"end":{"line":47,"column":7}},{"start":{"line":36,"column":13},"end":{"line":47,"column":7}}],"line":20},"1":{"loc":{"start":{"line":33,"column":8},"end":{"line":33,"column":31}},"type":"if","locations":[{"start":{"line":33,"column":8},"end":{"line":33,"column":31}},{"start":{},"end":{}}],"line":33},"2":{"loc":{"start":{"line":43,"column":8},"end":{"line":43,"column":31}},"type":"if","locations":[{"start":{"line":43,"column":8},"end":{"line":43,"column":31}},{"start":{},"end":{}}],"line":43},"3":{"loc":{"start":{"line":121,"column":13},"end":{"line":121,"column":76}},"type":"cond-expr","locations":[{"start":{"line":121,"column":25},"end":{"line":121,"column":40}},{"start":{"line":121,"column":44},"end":{"line":121,"column":75}}],"line":121},"4":{"loc":{"start":{"line":121,"column":44},"end":{"line":121,"column":75}},"type":"cond-expr","locations":[{"start":{"line":121,"column":55},"end":{"line":121,"column":65}},{"start":{"line":121,"column":68},"end":{"line":121,"column":75}}],"line":121},"5":{"loc":{"start":{"line":130,"column":13},"end":{"line":130,"column":69}},"type":"cond-expr","locations":[{"start":{"line":130,"column":24},"end":{"line":130,"column":56}},{"start":{"line":130,"column":59},"end":{"line":130,"column":69}}],"line":130}},"s":{"0":0,"1":0,"2":0,"3":0,"4":0,"5":0,"6":0,"7":0,"8":0,"9":0,"10":0,"11":0,"12":0,"13":0,"14":0,"15":0,"16":0,"17":0,"18":0,"19":0,"20":0,"21":0,"22":0,"23":0,"24":0,"25":0,"26":0},"f":{"0":0,"1":0,"2":0,"3":0,"4":0,"5":0},"b":{"0":[0,0],"1":[0,0],"2":[0,0],"3":[0,0],"4":[0,0],"5":[0,0]}}
,"C:\\Users\\user\\aijobchommie-pwa\\frontend\\src\\components\\ManagerDashboard.jsx": {"path":"C:\\Users\\user\\aijobchommie-pwa\\frontend\\src\\components\\ManagerDashboard.jsx","statementMap":{"0":{"start":{"line":29,"column":0},"end":{"line":40,"column":2}},"1":{"start":{"line":42,"column":25},"end":{"line":194,"column":1}},"2":{"start":{"line":43,"column":36},"end":{"line":43,"column":56}},"3":{"start":{"line":44,"column":36},"end":{"line":44,"column":51}},"4":{"start":{"line":45,"column":32},"end":{"line":45,"column":46}},"5":{"start":{"line":46,"column":38},"end":{"line":46,"column":53}},"6":{"start":{"line":49,"column":44},"end":{"line":58,"column":4}},"7":{"start":{"line":61,"column":42},"end":{"line":70,"column":4}},"8":{"start":{"line":73,"column":42},"end":{"line":81,"column":4}},"9":{"start":{"line":84,"column":34},"end":{"line":88,"column":4}},"10":{"start":{"line":91,"column":44},"end":{"line":95,"column":4}},"11":{"start":{"line":97,"column":2},"end":{"line":143,"column":9}},"12":{"start":{"line":99,"column":31},"end":{"line":110,"column":5}},"13":{"start":{"line":100,"column":6},"end":{"line":109,"column":7}},"14":{"start":{"line":101,"column":25},"end":{"line":105,"column":10}},"15":{"start":{"line":106,"column":8},"end":{"line":106,"column":40}},"16":{"start":{"line":108,"column":8},"end":{"line":108,"column":64}},"17":{"start":{"line":113,"column":30},"end":{"line":124,"column":5}},"18":{"start":{"line":114,"column":6},"end":{"line":123,"column":7}},"19":{"start":{"line":115,"column":25},"end":{"line":119,"column":10}},"20":{"start":{"line":120,"column":8},"end":{"line":120,"column":39}},"21":{"start":{"line":122,"column":8},"end":{"line":122,"column":63}},"22":{"start":{"line":127,"column":26},"end":{"line":138,"column":5}},"23":{"start":{"line":128,"column":6},"end":{"line":137,"column":7}},"24":{"start":{"line":129,"column":25},"end":{"line":133,"column":10}},"25":{"start":{"line":134,"column":8},"end":{"line":134,"column":35}},"26":{"start":{"line":136,"column":8},"end":{"line":136,"column":58}},"27":{"start":{"line":140,"column":4},"end":{"line":140,"column":25}},"28":{"start":{"line":141,"column":4},"end":{"line":141,"column":24}},"29":{"start":{"line":142,"column":4},"end":{"line":142,"column":20}},"30":{"start":{"line":145,"column":2},"end":{"line":193,"column":4}},"31":{"start":{"line":181,"column":18},"end":{"line":183,"column":23}}},"fnMap":{"0":{"name":"(anonymous_0)","decl":{"start":{"line":42,"column":25},"end":{"line":42,"column":26}},"loc":{"start":{"line":42,"column":31},"end":{"line":194,"column":1}},"line":42},"1":{"name":"(anonymous_1)","decl":{"start":{"line":97,"column":12},"end":{"line":97,"column":13}},"loc":{"start":{"line":97,"column":18},"end":{"line":143,"column":3}},"line":97},"2":{"name":"(anonymous_2)","decl":{"start":{"line":99,"column":31},"end":{"line":99,"column":32}},"loc":{"start":{"line":99,"column":43},"end":{"line":110,"column":5}},"line":99},"3":{"name":"(anonymous_3)","decl":{"start":{"line":113,"column":30},"end":{"line":113,"column":31}},"loc":{"start":{"line":113,"column":42},"end":{"line":124,"column":5}},"line":113},"4":{"name":"(anonymous_4)","decl":{"start":{"line":127,"column":26},"end":{"line":127,"column":27}},"loc":{"start":{"line":127,"column":38},"end":{"line":138,"column":5}},"line":127},"5":{"name":"(anonymous_5)","decl":{"start":{"line":180,"column":30},"end":{"line":180,"column":31}},"loc":{"start":{"line":181,"column":18},"end":{"line":183,"column":23}},"line":181}},"branchMap":{"0":{"loc":{"start":{"line":160,"column":33},"end":{"line":160,"column":64}},"type":"binary-expr","locations":[{"start":{"line":160,"column":33},"end":{"line":160,"column":59}},{"start":{"line":160,"column":63},"end":{"line":160,"column":64}}],"line":160},"1":{"loc":{"start":{"line":161,"column":45},"end":{"line":161,"column":78}},"type":"binary-expr","locations":[{"start":{"line":161,"column":45},"end":{"line":161,"column":73}},{"start":{"line":161,"column":77},"end":{"line":161,"column":78}}],"line":161},"2":{"loc":{"start":{"line":162,"column":38},"end":{"line":162,"column":76}},"type":"binary-expr","locations":[{"start":{"line":162,"column":38},"end":{"line":162,"column":71}},{"start":{"line":162,"column":75},"end":{"line":162,"column":76}}],"line":162},"3":{"loc":{"start":{"line":169,"column":36},"end":{"line":169,"column":70}},"type":"binary-expr","locations":[{"start":{"line":169,"column":36},"end":{"line":169,"column":65}},{"start":{"line":169,"column":69},"end":{"line":169,"column":70}}],"line":169},"4":{"loc":{"start":{"line":170,"column":38},"end":{"line":170,"column":74}},"type":"binary-expr","locations":[{"start":{"line":170,"column":38},"end":{"line":170,"column":69}},{"start":{"line":170,"column":73},"end":{"line":170,"column":74}}],"line":170},"5":{"loc":{"start":{"line":171,"column":40},"end":{"line":171,"column":68}},"type":"binary-expr","locations":[{"start":{"line":171,"column":40},"end":{"line":171,"column":63}},{"start":{"line":171,"column":67},"end":{"line":171,"column":68}}],"line":171},"6":{"loc":{"start":{"line":178,"column":13},"end":{"line":188,"column":13}},"type":"cond-expr","locations":[{"start":{"line":179,"column":14},"end":{"line":185,"column":19}},{"start":{"line":187,"column":14},"end":{"line":187,"column":66}}],"line":178}},"s":{"0":0,"1":0,"2":0,"3":0,"4":0,"5":0,"6":0,"7":0,"8":0,"9":0,"10":0,"11":0,"12":0,"13":0,"14":0,"15":0,"16":0,"17":0,"18":0,"19":0,"20":0,"21":0,"22":0,"23":0,"24":0,"25":0,"26":0,"27":0,"28":0,"29":0,"30":0,"31":0},"f":{"0":0,"1":0,"2":0,"3":0,"4":0,"5":0},"b":{"0":[0,0],"1":[0,0],"2":[0,0],"3":[0,0],"4":[0,0],"5":[0,0],"6":[0,0]}}
,"C:\\Users\\user\\aijobchommie-pwa\\frontend\\src\\components\\MarketingBanner.jsx": {"path":"C:\\Users\\user\\aijobchommie-pwa\\frontend\\src\\components\\MarketingBanner.jsx","statementMap":{"0":{"start":{"line":10,"column":24},"end":{"line":548,"column":1}},"1":{"start":{"line":11,"column":36},"end":{"line":11,"column":51}},"2":{"start":{"line":12,"column":38},"end":{"line":12,"column":57}},"3":{"start":{"line":13,"column":36},"end":{"line":13,"column":85}},"4":{"start":{"line":14,"column":36},"end":{"line":14,"column":49}},"5":{"start":{"line":15,"column":36},"end":{"line":15,"column":49}},"6":{"start":{"line":16,"column":19},"end":{"line":16,"column":32}},"7":{"start":{"line":17,"column":19},"end":{"line":17,"column":32}},"8":{"start":{"line":20,"column":25},"end":{"line":88,"column":3}},"9":{"start":{"line":90,"column":2},"end":{"line":145,"column":26}},"10":{"start":{"line":92,"column":26},"end":{"line":92,"column":67}},"11":{"start":{"line":93,"column":22},"end":{"line":93,"column":60}},"12":{"start":{"line":94,"column":24},"end":{"line":94,"column":44}},"13":{"start":{"line":97,"column":4},"end":{"line":102,"column":5}},"14":{"start":{"line":98,"column":6},"end":{"line":101,"column":54}},"15":{"start":{"line":99,"column":8},"end":{"line":99,"column":27}},"16":{"start":{"line":100,"column":8},"end":{"line":100,"column":58}},"17":{"start":{"line":104,"column":4},"end":{"line":104,"column":67}},"18":{"start":{"line":107,"column":29},"end":{"line":118,"column":13}},"19":{"start":{"line":108,"column":34},"end":{"line":113,"column":7}},"20":{"start":{"line":115,"column":29},"end":{"line":115,"column":98}},"21":{"start":{"line":116,"column":23},"end":{"line":116,"column":88}},"22":{"start":{"line":117,"column":6},"end":{"line":117,"column":30}},"23":{"start":{"line":121,"column":30},"end":{"line":132,"column":12}},"24":{"start":{"line":122,"column":6},"end":{"line":131,"column":9}},"25":{"start":{"line":123,"column":8},"end":{"line":129,"column":9}},"26":{"start":{"line":124,"column":10},"end":{"line":124,"column":56}},"27":{"start":{"line":125,"column":15},"end":{"line":129,"column":9}},"28":{"start":{"line":126,"column":10},"end":{"line":126,"column":69}},"29":{"start":{"line":127,"column":15},"end":{"line":129,"column":9}},"30":{"start":{"line":128,"column":10},"end":{"line":128,"column":69}},"31":{"start":{"line":130,"column":8},"end":{"line":130,"column":20}},"32":{"start":{"line":135,"column":25},"end":{"line":138,"column":12}},"33":{"start":{"line":136,"column":6},"end":{"line":136,"column":69}},"34":{"start":{"line":136,"column":27},"end":{"line":136,"column":67}},"35":{"start":{"line":137,"column":6},"end":{"line":137,"column":65}},"36":{"start":{"line":137,"column":27},"end":{"line":137,"column":63}},"37":{"start":{"line":140,"column":4},"end":{"line":144,"column":6}},"38":{"start":{"line":141,"column":6},"end":{"line":141,"column":38}},"39":{"start":{"line":142,"column":6},"end":{"line":142,"column":39}},"40":{"start":{"line":143,"column":6},"end":{"line":143,"column":34}},"41":{"start":{"line":147,"column":22},"end":{"line":155,"column":3}},"42":{"start":{"line":148,"column":4},"end":{"line":148,"column":24}},"43":{"start":{"line":150,"column":4},"end":{"line":154,"column":15}},"44":{"start":{"line":151,"column":20},"end":{"line":151,"column":44}},"45":{"start":{"line":152,"column":6},"end":{"line":152,"column":69}},"46":{"start":{"line":153,"column":6},"end":{"line":153,"column":25}},"47":{"start":{"line":157,"column":20},"end":{"line":177,"column":3}},"48":{"start":{"line":159,"column":27},"end":{"line":163,"column":5}},"49":{"start":{"line":164,"column":4},"end":{"line":164,"column":75}},"50":{"start":{"line":167,"column":25},"end":{"line":173,"column":5}},"51":{"start":{"line":175,"column":4},"end":{"line":175,"column":54}},"52":{"start":{"line":176,"column":4},"end":{"line":176,"column":24}},"53":{"start":{"line":179,"column":2},"end":{"line":179,"column":30}},"54":{"start":{"line":179,"column":18},"end":{"line":179,"column":30}},"55":{"start":{"line":181,"column":24},"end":{"line":181,"column":50}},"56":{"start":{"line":184,"column":31},"end":{"line":411,"column":3}},"57":{"start":{"line":185,"column":4},"end":{"line":410,"column":22}},"58":{"start":{"line":296,"column":20},"end":{"line":305,"column":33}},"59":{"start":{"line":380,"column":35},"end":{"line":380,"column":53}},"60":{"start":{"line":392,"column":20},"end":{"line":395,"column":26}},"61":{"start":{"line":414,"column":30},"end":{"line":504,"column":3}},"62":{"start":{"line":415,"column":4},"end":{"line":503,"column":22}},"63":{"start":{"line":506,"column":2},"end":{"line":547,"column":4}}},"fnMap":{"0":{"name":"(anonymous_0)","decl":{"start":{"line":10,"column":24},"end":{"line":10,"column":25}},"loc":{"start":{"line":10,"column":30},"end":{"line":548,"column":1}},"line":10},"1":{"name":"(anonymous_1)","decl":{"start":{"line":90,"column":12},"end":{"line":90,"column":13}},"loc":{"start":{"line":90,"column":18},"end":{"line":145,"column":3}},"line":90},"2":{"name":"(anonymous_2)","decl":{"start":{"line":98,"column":17},"end":{"line":98,"column":18}},"loc":{"start":{"line":98,"column":23},"end":{"line":101,"column":7}},"line":98},"3":{"name":"(anonymous_3)","decl":{"start":{"line":107,"column":41},"end":{"line":107,"column":42}},"loc":{"start":{"line":107,"column":47},"end":{"line":118,"column":5}},"line":107},"4":{"name":"(anonymous_4)","decl":{"start":{"line":121,"column":42},"end":{"line":121,"column":43}},"loc":{"start":{"line":121,"column":48},"end":{"line":132,"column":5}},"line":121},"5":{"name":"(anonymous_5)","decl":{"start":{"line":122,"column":19},"end":{"line":122,"column":20}},"loc":{"start":{"line":122,"column":27},"end":{"line":131,"column":7}},"line":122},"6":{"name":"(anonymous_6)","decl":{"start":{"line":135,"column":37},"end":{"line":135,"column":38}},"loc":{"start":{"line":135,"column":43},"end":{"line":138,"column":5}},"line":135},"7":{"name":"(anonymous_7)","decl":{"start":{"line":136,"column":19},"end":{"line":136,"column":20}},"loc":{"start":{"line":136,"column":27},"end":{"line":136,"column":67}},"line":136},"8":{"name":"(anonymous_8)","decl":{"start":{"line":137,"column":19},"end":{"line":137,"column":20}},"loc":{"start":{"line":137,"column":27},"end":{"line":137,"column":63}},"line":137},"9":{"name":"(anonymous_9)","decl":{"start":{"line":140,"column":11},"end":{"line":140,"column":12}},"loc":{"start":{"line":140,"column":17},"end":{"line":144,"column":5}},"line":140},"10":{"name":"(anonymous_10)","decl":{"start":{"line":147,"column":22},"end":{"line":147,"column":23}},"loc":{"start":{"line":147,"column":28},"end":{"line":155,"column":3}},"line":147},"11":{"name":"(anonymous_11)","decl":{"start":{"line":150,"column":15},"end":{"line":150,"column":16}},"loc":{"start":{"line":150,"column":21},"end":{"line":154,"column":5}},"line":150},"12":{"name":"(anonymous_12)","decl":{"start":{"line":157,"column":20},"end":{"line":157,"column":21}},"loc":{"start":{"line":157,"column":26},"end":{"line":177,"column":3}},"line":157},"13":{"name":"(anonymous_13)","decl":{"start":{"line":184,"column":31},"end":{"line":184,"column":32}},"loc":{"start":{"line":185,"column":4},"end":{"line":410,"column":22}},"line":185},"14":{"name":"(anonymous_14)","decl":{"start":{"line":295,"column":46},"end":{"line":295,"column":47}},"loc":{"start":{"line":296,"column":20},"end":{"line":305,"column":33}},"line":296},"15":{"name":"(anonymous_15)","decl":{"start":{"line":380,"column":29},"end":{"line":380,"column":30}},"loc":{"start":{"line":380,"column":35},"end":{"line":380,"column":53}},"line":380},"16":{"name":"(anonymous_16)","decl":{"start":{"line":391,"column":49},"end":{"line":391,"column":50}},"loc":{"start":{"line":392,"column":20},"end":{"line":395,"column":26}},"line":392},"17":{"name":"(anonymous_17)","decl":{"start":{"line":414,"column":30},"end":{"line":414,"column":31}},"loc":{"start":{"line":415,"column":4},"end":{"line":503,"column":22}},"line":415}},"branchMap":{"0":{"loc":{"start":{"line":97,"column":4},"end":{"line":102,"column":5}},"type":"if","locations":[{"start":{"line":97,"column":4},"end":{"line":102,"column":5}},{"start":{},"end":{}}],"line":97},"1":{"loc":{"start":{"line":97,"column":8},"end":{"line":97,"column":85}},"type":"binary-expr","locations":[{"start":{"line":97,"column":8},"end":{"line":97,"column":22}},{"start":{"line":97,"column":27},"end":{"line":97,"column":36}},{"start":{"line":97,"column":40},"end":{"line":97,"column":84}}],"line":97},"2":{"loc":{"start":{"line":101,"column":9},"end":{"line":101,"column":52}},"type":"cond-expr","locations":[{"start":{"line":101,"column":41},"end":{"line":101,"column":45}},{"start":{"line":101,"column":48},"end":{"line":101,"column":52}}],"line":101},"3":{"loc":{"start":{"line":115,"column":29},"end":{"line":115,"column":98}},"type":"binary-expr","locations":[{"start":{"line":115,"column":29},"end":{"line":115,"column":67}},{"start":{"line":115,"column":71},"end":{"line":115,"column":98}}],"line":115},"4":{"loc":{"start":{"line":123,"column":8},"end":{"line":129,"column":9}},"type":"if","locations":[{"start":{"line":123,"column":8},"end":{"line":129,"column":9}},{"start":{"line":125,"column":15},"end":{"line":129,"column":9}}],"line":123},"5":{"loc":{"start":{"line":125,"column":15},"end":{"line":129,"column":9}},"type":"if","locations":[{"start":{"line":125,"column":15},"end":{"line":129,"column":9}},{"start":{"line":127,"column":15},"end":{"line":129,"column":9}}],"line":125},"6":{"loc":{"start":{"line":127,"column":15},"end":{"line":129,"column":9}},"type":"if","locations":[{"start":{"line":127,"column":15},"end":{"line":129,"column":9}},{"start":{},"end":{}}],"line":127},"7":{"loc":{"start":{"line":175,"column":13},"end":{"line":175,"column":52}},"type":"binary-expr","locations":[{"start":{"line":175,"column":13},"end":{"line":175,"column":37}},{"start":{"line":175,"column":41},"end":{"line":175,"column":52}}],"line":175},"8":{"loc":{"start":{"line":179,"column":2},"end":{"line":179,"column":30}},"type":"if","locations":[{"start":{"line":179,"column":2},"end":{"line":179,"column":30}},{"start":{},"end":{}}],"line":179},"9":{"loc":{"start":{"line":224,"column":17},"end":{"line":228,"column":17}},"type":"binary-expr","locations":[{"start":{"line":224,"column":17},"end":{"line":224,"column":39}},{"start":{"line":225,"column":18},"end":{"line":227,"column":22}}],"line":224},"10":{"loc":{"start":{"line":235,"column":17},"end":{"line":244,"column":17}},"type":"binary-expr","locations":[{"start":{"line":235,"column":17},"end":{"line":235,"column":44}},{"start":{"line":236,"column":18},"end":{"line":243,"column":24}}],"line":235},"11":{"loc":{"start":{"line":246,"column":17},"end":{"line":263,"column":17}},"type":"binary-expr","locations":[{"start":{"line":246,"column":17},"end":{"line":246,"column":41}},{"start":{"line":247,"column":18},"end":{"line":262,"column":24}}],"line":246},"12":{"loc":{"start":{"line":274,"column":15},"end":{"line":290,"column":15}},"type":"binary-expr","locations":[{"start":{"line":274,"column":15},"end":{"line":274,"column":42}},{"start":{"line":275,"column":16},"end":{"line":289,"column":22}}],"line":274},"13":{"loc":{"start":{"line":293,"column":15},"end":{"line":308,"column":15}},"type":"binary-expr","locations":[{"start":{"line":293,"column":15},"end":{"line":293,"column":37}},{"start":{"line":294,"column":16},"end":{"line":307,"column":22}}],"line":293},"14":{"loc":{"start":{"line":311,"column":15},"end":{"line":328,"column":15}},"type":"binary-expr","locations":[{"start":{"line":311,"column":15},"end":{"line":311,"column":40}},{"start":{"line":312,"column":16},"end":{"line":327,"column":22}}],"line":311},"15":{"loc":{"start":{"line":331,"column":15},"end":{"line":364,"column":15}},"type":"binary-expr","locations":[{"start":{"line":331,"column":15},"end":{"line":331,"column":34}},{"start":{"line":332,"column":16},"end":{"line":363,"column":22}}],"line":331},"16":{"loc":{"start":{"line":378,"column":17},"end":{"line":385,"column":17}},"type":"binary-expr","locations":[{"start":{"line":378,"column":17},"end":{"line":378,"column":43}},{"start":{"line":379,"column":18},"end":{"line":384,"column":27}}],"line":378},"17":{"loc":{"start":{"line":389,"column":15},"end":{"line":398,"column":15}},"type":"binary-expr","locations":[{"start":{"line":389,"column":15},"end":{"line":389,"column":40}},{"start":{"line":390,"column":16},"end":{"line":397,"column":22}}],"line":389},"18":{"loc":{"start":{"line":401,"column":15},"end":{"line":405,"column":15}},"type":"binary-expr","locations":[{"start":{"line":401,"column":15},"end":{"line":401,"column":36}},{"start":{"line":401,"column":40},"end":{"line":401,"column":68}},{"start":{"line":402,"column":16},"end":{"line":404,"column":20}}],"line":401},"19":{"loc":{"start":{"line":449,"column":19},"end":{"line":453,"column":19}},"type":"binary-expr","locations":[{"start":{"line":449,"column":19},"end":{"line":449,"column":41}},{"start":{"line":450,"column":20},"end":{"line":452,"column":24}}],"line":449},"20":{"loc":{"start":{"line":463,"column":15},"end":{"line":471,"column":15}},"type":"binary-expr","locations":[{"start":{"line":463,"column":15},"end":{"line":463,"column":37}},{"start":{"line":463,"column":41},"end":{"line":463,"column":74}},{"start":{"line":464,"column":16},"end":{"line":470,"column":22}}],"line":463},"21":{"loc":{"start":{"line":467,"column":19},"end":{"line":469,"column":19}},"type":"binary-expr","locations":[{"start":{"line":467,"column":19},"end":{"line":467,"column":52}},{"start":{"line":468,"column":20},"end":{"line":468,"column":100}}],"line":467},"22":{"loc":{"start":{"line":512,"column":7},"end":{"line":534,"column":7}},"type":"binary-expr","locations":[{"start":{"line":512,"column":7},"end":{"line":512,"column":34}},{"start":{"line":513,"column":8},"end":{"line":533,"column":21}}],"line":512}},"s":{"0":0,"1":0,"2":0,"3":0,"4":0,"5":0,"6":0,"7":0,"8":0,"9":0,"10":0,"11":0,"12":0,"13":0,"14":0,"15":0,"16":0,"17":0,"18":0,"19":0,"20":0,"21":0,"22":0,"23":0,"24":0,"25":0,"26":0,"27":0,"28":0,"29":0,"30":0,"31":0,"32":0,"33":0,"34":0,"35":0,"36":0,"37":0,"38":0,"39":0,"40":0,"41":0,"42":0,"43":0,"44":0,"45":0,"46":0,"47":0,"48":0,"49":0,"50":0,"51":0,"52":0,"53":0,"54":0,"55":0,"56":0,"57":0,"58":0,"59":0,"60":0,"61":0,"62":0,"63":0},"f":{"0":0,"1":0,"2":0,"3":0,"4":0,"5":0,"6":0,"7":0,"8":0,"9":0,"10":0,"11":0,"12":0,"13":0,"14":0,"15":0,"16":0,"17":0},"b":{"0":[0,0],"1":[0,0,0],"2":[0,0],"3":[0,0],"4":[0,0],"5":[0,0],"6":[0,0],"7":[0,0],"8":[0,0],"9":[0,0],"10":[0,0],"11":[0,0],"12":[0,0],"13":[0,0],"14":[0,0],"15":[0,0],"16":[0,0],"17":[0,0],"18":[0,0,0],"19":[0,0],"20":[0,0,0],"21":[0,0],"22":[0,0]}}
,"C:\\Users\\user\\aijobchommie-pwa\\frontend\\src\\components\\Navigation.jsx": {"path":"C:\\Users\\user\\aijobchommie-pwa\\frontend\\src\\components\\Navigation.jsx","statementMap":{"0":{"start":{"line":12,"column":19},"end":{"line":417,"column":1}},"1":{"start":{"line":13,"column":19},"end":{"line":13,"column":32}},"2":{"start":{"line":14,"column":19},"end":{"line":14,"column":32}},"3":{"start":{"line":15,"column":38},"end":{"line":15,"column":53}},"4":{"start":{"line":16,"column":52},"end":{"line":16,"column":63}},"5":{"start":{"line":17,"column":46},"end":{"line":17,"column":61}},"6":{"start":{"line":19,"column":23},"end":{"line":28,"column":3}},"7":{"start":{"line":20,"column":4},"end":{"line":27,"column":5}},"8":{"start":{"line":21,"column":24},"end":{"line":21,"column":53}},"9":{"start":{"line":22,"column":6},"end":{"line":22,"column":29}},"10":{"start":{"line":22,"column":17},"end":{"line":22,"column":29}},"11":{"start":{"line":23,"column":6},"end":{"line":23,"column":74}},"12":{"start":{"line":24,"column":6},"end":{"line":24,"column":25}},"13":{"start":{"line":26,"column":6},"end":{"line":26,"column":39}},"14":{"start":{"line":30,"column":23},"end":{"line":61,"column":3}},"15":{"start":{"line":63,"column":28},"end":{"line":68,"column":3}},"16":{"start":{"line":70,"column":24},"end":{"line":72,"column":8}},"17":{"start":{"line":75,"column":21},"end":{"line":239,"column":3}},"18":{"start":{"line":76,"column":4},"end":{"line":238,"column":17}},"19":{"start":{"line":84,"column":28},"end":{"line":84,"column":47}},"20":{"start":{"line":85,"column":28},"end":{"line":85,"column":48}},"21":{"start":{"line":117,"column":14},"end":{"line":169,"column":24}},"22":{"start":{"line":120,"column":45},"end":{"line":125,"column":17}},"23":{"start":{"line":128,"column":18},"end":{"line":167,"column":21}},"24":{"start":{"line":179,"column":14},"end":{"line":209,"column":24}},"25":{"start":{"line":182,"column":45},"end":{"line":185,"column":17}},"26":{"start":{"line":188,"column":18},"end":{"line":207,"column":21}},"27":{"start":{"line":242,"column":20},"end":{"line":409,"column":3}},"28":{"start":{"line":243,"column":4},"end":{"line":408,"column":7}},"29":{"start":{"line":253,"column":14},"end":{"line":290,"column":24}},"30":{"start":{"line":256,"column":45},"end":{"line":258,"column":17}},"31":{"start":{"line":261,"column":18},"end":{"line":288,"column":21}},"32":{"start":{"line":297,"column":29},"end":{"line":297,"column":52}},"33":{"start":{"line":317,"column":29},"end":{"line":317,"column":53}},"34":{"start":{"line":335,"column":35},"end":{"line":335,"column":59}},"35":{"start":{"line":353,"column":20},"end":{"line":387,"column":33}},"36":{"start":{"line":360,"column":39},"end":{"line":360,"column":63}},"37":{"start":{"line":361,"column":53},"end":{"line":366,"column":25}},"38":{"start":{"line":369,"column":26},"end":{"line":384,"column":29}},"39":{"start":{"line":411,"column":2},"end":{"line":416,"column":4}}},"fnMap":{"0":{"name":"(anonymous_0)","decl":{"start":{"line":12,"column":19},"end":{"line":12,"column":20}},"loc":{"start":{"line":12,"column":42},"end":{"line":417,"column":1}},"line":12},"1":{"name":"(anonymous_1)","decl":{"start":{"line":19,"column":23},"end":{"line":19,"column":24}},"loc":{"start":{"line":19,"column":35},"end":{"line":28,"column":3}},"line":19},"2":{"name":"(anonymous_2)","decl":{"start":{"line":75,"column":21},"end":{"line":75,"column":22}},"loc":{"start":{"line":76,"column":4},"end":{"line":238,"column":17}},"line":76},"3":{"name":"(anonymous_3)","decl":{"start":{"line":84,"column":22},"end":{"line":84,"column":23}},"loc":{"start":{"line":84,"column":28},"end":{"line":84,"column":47}},"line":84},"4":{"name":"(anonymous_4)","decl":{"start":{"line":85,"column":22},"end":{"line":85,"column":23}},"loc":{"start":{"line":85,"column":28},"end":{"line":85,"column":48}},"line":85},"5":{"name":"(anonymous_5)","decl":{"start":{"line":116,"column":53},"end":{"line":116,"column":54}},"loc":{"start":{"line":117,"column":14},"end":{"line":169,"column":24}},"line":117},"6":{"name":"(anonymous_6)","decl":{"start":{"line":120,"column":27},"end":{"line":120,"column":28}},"loc":{"start":{"line":120,"column":45},"end":{"line":125,"column":17}},"line":120},"7":{"name":"(anonymous_7)","decl":{"start":{"line":127,"column":17},"end":{"line":127,"column":18}},"loc":{"start":{"line":128,"column":18},"end":{"line":167,"column":21}},"line":128},"8":{"name":"(anonymous_8)","decl":{"start":{"line":178,"column":35},"end":{"line":178,"column":36}},"loc":{"start":{"line":179,"column":14},"end":{"line":209,"column":24}},"line":179},"9":{"name":"(anonymous_9)","decl":{"start":{"line":182,"column":27},"end":{"line":182,"column":28}},"loc":{"start":{"line":182,"column":45},"end":{"line":185,"column":17}},"line":182},"10":{"name":"(anonymous_10)","decl":{"start":{"line":187,"column":17},"end":{"line":187,"column":18}},"loc":{"start":{"line":188,"column":18},"end":{"line":207,"column":21}},"line":188},"11":{"name":"(anonymous_11)","decl":{"start":{"line":242,"column":20},"end":{"line":242,"column":21}},"loc":{"start":{"line":243,"column":4},"end":{"line":408,"column":7}},"line":243},"12":{"name":"(anonymous_12)","decl":{"start":{"line":252,"column":42},"end":{"line":252,"column":43}},"loc":{"start":{"line":253,"column":14},"end":{"line":290,"column":24}},"line":253},"13":{"name":"(anonymous_13)","decl":{"start":{"line":256,"column":27},"end":{"line":256,"column":28}},"loc":{"start":{"line":256,"column":45},"end":{"line":258,"column":17}},"line":256},"14":{"name":"(anonymous_14)","decl":{"start":{"line":260,"column":17},"end":{"line":260,"column":18}},"loc":{"start":{"line":261,"column":18},"end":{"line":288,"column":21}},"line":261},"15":{"name":"(anonymous_15)","decl":{"start":{"line":297,"column":23},"end":{"line":297,"column":24}},"loc":{"start":{"line":297,"column":29},"end":{"line":297,"column":52}},"line":297},"16":{"name":"(anonymous_16)","decl":{"start":{"line":317,"column":23},"end":{"line":317,"column":24}},"loc":{"start":{"line":317,"column":29},"end":{"line":317,"column":53}},"line":317},"17":{"name":"(anonymous_17)","decl":{"start":{"line":335,"column":29},"end":{"line":335,"column":30}},"loc":{"start":{"line":335,"column":35},"end":{"line":335,"column":59}},"line":335},"18":{"name":"(anonymous_18)","decl":{"start":{"line":352,"column":81},"end":{"line":352,"column":82}},"loc":{"start":{"line":353,"column":20},"end":{"line":387,"column":33}},"line":353},"19":{"name":"(anonymous_19)","decl":{"start":{"line":360,"column":33},"end":{"line":360,"column":34}},"loc":{"start":{"line":360,"column":39},"end":{"line":360,"column":63}},"line":360},"20":{"name":"(anonymous_20)","decl":{"start":{"line":361,"column":35},"end":{"line":361,"column":36}},"loc":{"start":{"line":361,"column":53},"end":{"line":366,"column":25}},"line":361},"21":{"name":"(anonymous_21)","decl":{"start":{"line":368,"column":25},"end":{"line":368,"column":26}},"loc":{"start":{"line":369,"column":26},"end":{"line":384,"column":29}},"line":369}},"branchMap":{"0":{"loc":{"start":{"line":22,"column":6},"end":{"line":22,"column":29}},"type":"if","locations":[{"start":{"line":22,"column":6},"end":{"line":22,"column":29}},{"start":{},"end":{}}],"line":22},"1":{"loc":{"start":{"line":70,"column":24},"end":{"line":72,"column":8}},"type":"cond-expr","locations":[{"start":{"line":70,"column":34},"end":{"line":72,"column":3}},{"start":{"line":72,"column":6},"end":{"line":72,"column":8}}],"line":70},"2":{"loc":{"start":{"line":82,"column":26},"end":{"line":82,"column":55}},"type":"cond-expr","locations":[{"start":{"line":82,"column":39},"end":{"line":82,"column":46}},{"start":{"line":82,"column":49},"end":{"line":82,"column":55}}],"line":82},"3":{"loc":{"start":{"line":91,"column":33},"end":{"line":91,"column":53}},"type":"cond-expr","locations":[{"start":{"line":91,"column":46},"end":{"line":91,"column":49}},{"start":{"line":91,"column":52},"end":{"line":91,"column":53}}],"line":91},"4":{"loc":{"start":{"line":101,"column":15},"end":{"line":110,"column":15}},"type":"binary-expr","locations":[{"start":{"line":101,"column":15},"end":{"line":101,"column":25}},{"start":{"line":102,"column":16},"end":{"line":109,"column":30}}],"line":101},"5":{"loc":{"start":{"line":122,"column":20},"end":{"line":124,"column":44}},"type":"cond-expr","locations":[{"start":{"line":123,"column":22},"end":{"line":123,"column":102}},{"start":{"line":124,"column":22},"end":{"line":124,"column":44}}],"line":122},"6":{"loc":{"start":{"line":123,"column":45},"end":{"line":123,"column":86}},"type":"binary-expr","locations":[{"start":{"line":123,"column":45},"end":{"line":123,"column":55}},{"start":{"line":123,"column":59},"end":{"line":123,"column":86}}],"line":123},"7":{"loc":{"start":{"line":136,"column":35},"end":{"line":136,"column":76}},"type":"cond-expr","locations":[{"start":{"line":136,"column":46},"end":{"line":136,"column":58}},{"start":{"line":136,"column":61},"end":{"line":136,"column":76}}],"line":136},"8":{"loc":{"start":{"line":138,"column":23},"end":{"line":144,"column":23}},"type":"binary-expr","locations":[{"start":{"line":138,"column":23},"end":{"line":138,"column":40}},{"start":{"line":139,"column":24},"end":{"line":143,"column":26}}],"line":138},"9":{"loc":{"start":{"line":147,"column":23},"end":{"line":165,"column":23}},"type":"binary-expr","locations":[{"start":{"line":147,"column":23},"end":{"line":147,"column":33}},{"start":{"line":148,"column":24},"end":{"line":164,"column":37}}],"line":147},"10":{"loc":{"start":{"line":155,"column":28},"end":{"line":155,"column":69}},"type":"cond-expr","locations":[{"start":{"line":155,"column":39},"end":{"line":155,"column":51}},{"start":{"line":155,"column":54},"end":{"line":155,"column":69}}],"line":155},"11":{"loc":{"start":{"line":159,"column":27},"end":{"line":163,"column":27}},"type":"binary-expr","locations":[{"start":{"line":159,"column":27},"end":{"line":159,"column":37}},{"start":{"line":160,"column":28},"end":{"line":162,"column":35}}],"line":159},"12":{"loc":{"start":{"line":184,"column":20},"end":{"line":184,"column":69}},"type":"cond-expr","locations":[{"start":{"line":184,"column":31},"end":{"line":184,"column":44}},{"start":{"line":184,"column":47},"end":{"line":184,"column":69}}],"line":184},"13":{"loc":{"start":{"line":191,"column":33},"end":{"line":191,"column":77}},"type":"cond-expr","locations":[{"start":{"line":191,"column":44},"end":{"line":191,"column":59}},{"start":{"line":191,"column":62},"end":{"line":191,"column":77}}],"line":191},"14":{"loc":{"start":{"line":194,"column":23},"end":{"line":205,"column":23}},"type":"binary-expr","locations":[{"start":{"line":194,"column":23},"end":{"line":194,"column":33}},{"start":{"line":195,"column":24},"end":{"line":204,"column":38}}],"line":194},"15":{"loc":{"start":{"line":200,"column":28},"end":{"line":200,"column":72}},"type":"cond-expr","locations":[{"start":{"line":200,"column":39},"end":{"line":200,"column":54}},{"start":{"line":200,"column":57},"end":{"line":200,"column":72}}],"line":200},"16":{"loc":{"start":{"line":214,"column":11},"end":{"line":235,"column":11}},"type":"binary-expr","locations":[{"start":{"line":214,"column":11},"end":{"line":214,"column":15}},{"start":{"line":215,"column":12},"end":{"line":234,"column":28}}],"line":214},"17":{"loc":{"start":{"line":223,"column":17},"end":{"line":232,"column":17}},"type":"binary-expr","locations":[{"start":{"line":223,"column":17},"end":{"line":223,"column":27}},{"start":{"line":224,"column":18},"end":{"line":231,"column":32}}],"line":223},"18":{"loc":{"start":{"line":268,"column":24},"end":{"line":268,"column":72}},"type":"cond-expr","locations":[{"start":{"line":268,"column":35},"end":{"line":268,"column":67}},{"start":{"line":268,"column":70},"end":{"line":268,"column":72}}],"line":268},"19":{"loc":{"start":{"line":272,"column":37},"end":{"line":272,"column":78}},"type":"cond-expr","locations":[{"start":{"line":272,"column":48},"end":{"line":272,"column":60}},{"start":{"line":272,"column":63},"end":{"line":272,"column":78}}],"line":272},"20":{"loc":{"start":{"line":275,"column":23},"end":{"line":281,"column":23}},"type":"binary-expr","locations":[{"start":{"line":275,"column":23},"end":{"line":275,"column":40}},{"start":{"line":276,"column":24},"end":{"line":280,"column":26}}],"line":275},"21":{"loc":{"start":{"line":284,"column":22},"end":{"line":284,"column":118}},"type":"cond-expr","locations":[{"start":{"line":284,"column":33},"end":{"line":284,"column":100}},{"start":{"line":284,"column":103},"end":{"line":284,"column":118}}],"line":284},"22":{"loc":{"start":{"line":311,"column":9},"end":{"line":406,"column":9}},"type":"binary-expr","locations":[{"start":{"line":311,"column":9},"end":{"line":311,"column":23}},{"start":{"line":312,"column":10},"end":{"line":405,"column":13}}],"line":311},"23":{"loc":{"start":{"line":343,"column":17},"end":{"line":348,"column":17}},"type":"binary-expr","locations":[{"start":{"line":343,"column":17},"end":{"line":343,"column":21}},{"start":{"line":344,"column":18},"end":{"line":347,"column":24}}],"line":343},"24":{"loc":{"start":{"line":363,"column":28},"end":{"line":365,"column":49}},"type":"cond-expr","locations":[{"start":{"line":364,"column":30},"end":{"line":364,"column":110}},{"start":{"line":365,"column":30},"end":{"line":365,"column":49}}],"line":363},"25":{"loc":{"start":{"line":364,"column":53},"end":{"line":364,"column":94}},"type":"binary-expr","locations":[{"start":{"line":364,"column":53},"end":{"line":364,"column":63}},{"start":{"line":364,"column":67},"end":{"line":364,"column":94}}],"line":364},"26":{"loc":{"start":{"line":372,"column":41},"end":{"line":372,"column":82}},"type":"cond-expr","locations":[{"start":{"line":372,"column":52},"end":{"line":372,"column":64}},{"start":{"line":372,"column":67},"end":{"line":372,"column":82}}],"line":372},"27":{"loc":{"start":{"line":375,"column":30},"end":{"line":375,"column":71}},"type":"cond-expr","locations":[{"start":{"line":375,"column":41},"end":{"line":375,"column":53}},{"start":{"line":375,"column":56},"end":{"line":375,"column":71}}],"line":375},"28":{"loc":{"start":{"line":379,"column":29},"end":{"line":383,"column":29}},"type":"binary-expr","locations":[{"start":{"line":379,"column":29},"end":{"line":379,"column":39}},{"start":{"line":380,"column":30},"end":{"line":382,"column":37}}],"line":379},"29":{"loc":{"start":{"line":392,"column":17},"end":{"line":402,"column":17}},"type":"binary-expr","locations":[{"start":{"line":392,"column":17},"end":{"line":392,"column":21}},{"start":{"line":393,"column":18},"end":{"line":401,"column":34}}],"line":392}},"s":{"0":0,"1":0,"2":0,"3":0,"4":0,"5":0,"6":0,"7":0,"8":0,"9":0,"10":0,"11":0,"12":0,"13":0,"14":0,"15":0,"16":0,"17":0,"18":0,"19":0,"20":0,"21":0,"22":0,"23":0,"24":0,"25":0,"26":0,"27":0,"28":0,"29":0,"30":0,"31":0,"32":0,"33":0,"34":0,"35":0,"36":0,"37":0,"38":0,"39":0},"f":{"0":0,"1":0,"2":0,"3":0,"4":0,"5":0,"6":0,"7":0,"8":0,"9":0,"10":0,"11":0,"12":0,"13":0,"14":0,"15":0,"16":0,"17":0,"18":0,"19":0,"20":0,"21":0},"b":{"0":[0,0],"1":[0,0],"2":[0,0],"3":[0,0],"4":[0,0],"5":[0,0],"6":[0,0],"7":[0,0],"8":[0,0],"9":[0,0],"10":[0,0],"11":[0,0],"12":[0,0],"13":[0,0],"14":[0,0],"15":[0,0],"16":[0,0],"17":[0,0],"18":[0,0],"19":[0,0],"20":[0,0],"21":[0,0],"22":[0,0],"23":[0,0],"24":[0,0],"25":[0,0],"26":[0,0],"27":[0,0],"28":[0,0],"29":[0,0]}}
,"C:\\Users\\user\\aijobchommie-pwa\\frontend\\src\\components\\3d\\ThreeDCard.jsx": {"path":"C:\\Users\\user\\aijobchommie-pwa\\frontend\\src\\components\\3d\\ThreeDCard.jsx","statementMap":{"0":{"start":{"line":4,"column":19},"end":{"line":10,"column":1}},"1":{"start":{"line":5,"column":2},"end":{"line":9,"column":4}}},"fnMap":{"0":{"name":"(anonymous_0)","decl":{"start":{"line":4,"column":19},"end":{"line":4,"column":20}},"loc":{"start":{"line":4,"column":37},"end":{"line":10,"column":1}},"line":4}},"branchMap":{},"s":{"0":0,"1":0},"f":{"0":0},"b":{}}
,"C:\\Users\\user\\aijobchommie-pwa\\frontend\\src\\pages\\AboutPage.jsx": {"path":"C:\\Users\\user\\aijobchommie-pwa\\frontend\\src\\pages\\AboutPage.jsx","statementMap":{"0":{"start":{"line":6,"column":18},"end":{"line":218,"column":1}},"1":{"start":{"line":7,"column":19},"end":{"line":7,"column":32}},"2":{"start":{"line":9,"column":16},"end":{"line":14,"column":3}},"3":{"start":{"line":16,"column":2},"end":{"line":217,"column":4}},"4":{"start":{"line":24,"column":31},"end":{"line":24,"column":43}},"5":{"start":{"line":117,"column":12},"end":{"line":141,"column":25}},"6":{"start":{"line":185,"column":25},"end":{"line":185,"column":42}}},"fnMap":{"0":{"name":"(anonymous_0)","decl":{"start":{"line":6,"column":18},"end":{"line":6,"column":19}},"loc":{"start":{"line":6,"column":24},"end":{"line":218,"column":1}},"line":6},"1":{"name":"(anonymous_1)","decl":{"start":{"line":24,"column":25},"end":{"line":24,"column":26}},"loc":{"start":{"line":24,"column":31},"end":{"line":24,"column":43}},"line":24},"2":{"name":"(anonymous_2)","decl":{"start":{"line":116,"column":21},"end":{"line":116,"column":22}},"loc":{"start":{"line":117,"column":12},"end":{"line":141,"column":25}},"line":117},"3":{"name":"(anonymous_3)","decl":{"start":{"line":185,"column":19},"end":{"line":185,"column":20}},"loc":{"start":{"line":185,"column":25},"end":{"line":185,"column":42}},"line":185}},"branchMap":{},"s":{"0":0,"1":0,"2":0,"3":0,"4":0,"5":0,"6":0},"f":{"0":0,"1":0,"2":0,"3":0},"b":{}}
,"C:\\Users\\user\\aijobchommie-pwa\\frontend\\src\\pages\\ApplicationsPage.jsx": {"path":"C:\\Users\\user\\aijobchommie-pwa\\frontend\\src\\pages\\ApplicationsPage.jsx","statementMap":{"0":{"start":{"line":7,"column":25},"end":{"line":276,"column":1}},"1":{"start":{"line":8,"column":19},"end":{"line":8,"column":32}},"2":{"start":{"line":9,"column":42},"end":{"line":9,"column":57}},"3":{"start":{"line":10,"column":25},"end":{"line":47,"column":4}},"4":{"start":{"line":49,"column":16},"end":{"line":54,"column":3}},"5":{"start":{"line":50,"column":40},"end":{"line":50,"column":91}},"6":{"start":{"line":51,"column":42},"end":{"line":51,"column":68}},"7":{"start":{"line":52,"column":41},"end":{"line":52,"column":66}},"8":{"start":{"line":53,"column":41},"end":{"line":53,"column":66}},"9":{"start":{"line":56,"column":23},"end":{"line":62,"column":3}},"10":{"start":{"line":64,"column":24},"end":{"line":64,"column":70}},"11":{"start":{"line":66,"column":24},"end":{"line":75,"column":3}},"12":{"start":{"line":67,"column":22},"end":{"line":73,"column":5}},"13":{"start":{"line":74,"column":4},"end":{"line":74,"column":42}},"14":{"start":{"line":77,"column":2},"end":{"line":275,"column":4}},"15":{"start":{"line":85,"column":31},"end":{"line":85,"column":43}},"16":{"start":{"line":104,"column":10},"end":{"line":121,"column":23}},"17":{"start":{"line":128,"column":25},"end":{"line":128,"column":49}},"18":{"start":{"line":129,"column":23},"end":{"line":129,"column":34}},"19":{"start":{"line":131,"column":10},"end":{"line":247,"column":12}},"20":{"start":{"line":159,"column":20},"end":{"line":186,"column":33}},"21":{"start":{"line":221,"column":33},"end":{"line":221,"column":68}},"22":{"start":{"line":239,"column":35},"end":{"line":239,"column":73}},"23":{"start":{"line":254,"column":10},"end":{"line":271,"column":12}}},"fnMap":{"0":{"name":"(anonymous_0)","decl":{"start":{"line":7,"column":25},"end":{"line":7,"column":26}},"loc":{"start":{"line":7,"column":31},"end":{"line":276,"column":1}},"line":7},"1":{"name":"(anonymous_1)","decl":{"start":{"line":50,"column":33},"end":{"line":50,"column":34}},"loc":{"start":{"line":50,"column":40},"end":{"line":50,"column":91}},"line":50},"2":{"name":"(anonymous_2)","decl":{"start":{"line":51,"column":35},"end":{"line":51,"column":36}},"loc":{"start":{"line":51,"column":42},"end":{"line":51,"column":68}},"line":51},"3":{"name":"(anonymous_3)","decl":{"start":{"line":52,"column":34},"end":{"line":52,"column":35}},"loc":{"start":{"line":52,"column":41},"end":{"line":52,"column":66}},"line":52},"4":{"name":"(anonymous_4)","decl":{"start":{"line":53,"column":34},"end":{"line":53,"column":35}},"loc":{"start":{"line":53,"column":41},"end":{"line":53,"column":66}},"line":53},"5":{"name":"(anonymous_5)","decl":{"start":{"line":66,"column":24},"end":{"line":66,"column":25}},"loc":{"start":{"line":66,"column":47},"end":{"line":75,"column":3}},"line":66},"6":{"name":"(anonymous_6)","decl":{"start":{"line":85,"column":25},"end":{"line":85,"column":26}},"loc":{"start":{"line":85,"column":31},"end":{"line":85,"column":43}},"line":85},"7":{"name":"(anonymous_7)","decl":{"start":{"line":103,"column":35},"end":{"line":103,"column":36}},"loc":{"start":{"line":104,"column":10},"end":{"line":121,"column":23}},"line":104},"8":{"name":"(anonymous_8)","decl":{"start":{"line":127,"column":26},"end":{"line":127,"column":27}},"loc":{"start":{"line":127,"column":42},"end":{"line":248,"column":9}},"line":127},"9":{"name":"(anonymous_9)","decl":{"start":{"line":158,"column":37},"end":{"line":158,"column":38}},"loc":{"start":{"line":159,"column":20},"end":{"line":186,"column":33}},"line":159},"10":{"name":"(anonymous_10)","decl":{"start":{"line":221,"column":27},"end":{"line":221,"column":28}},"loc":{"start":{"line":221,"column":33},"end":{"line":221,"column":68}},"line":221},"11":{"name":"(anonymous_11)","decl":{"start":{"line":239,"column":29},"end":{"line":239,"column":30}},"loc":{"start":{"line":239,"column":35},"end":{"line":239,"column":73}},"line":239},"12":{"name":"(anonymous_12)","decl":{"start":{"line":253,"column":27},"end":{"line":253,"column":28}},"loc":{"start":{"line":254,"column":10},"end":{"line":271,"column":12}},"line":254}},"branchMap":{"0":{"loc":{"start":{"line":50,"column":40},"end":{"line":50,"column":91}},"type":"binary-expr","locations":[{"start":{"line":50,"column":40},"end":{"line":50,"column":64}},{"start":{"line":50,"column":68},"end":{"line":50,"column":91}}],"line":50},"1":{"loc":{"start":{"line":116,"column":30},"end":{"line":116,"column":76}},"type":"binary-expr","locations":[{"start":{"line":116,"column":30},"end":{"line":116,"column":54}},{"start":{"line":116,"column":58},"end":{"line":116,"column":76}}],"line":116},"2":{"loc":{"start":{"line":167,"column":33},"end":{"line":170,"column":30}},"type":"cond-expr","locations":[{"start":{"line":167,"column":72},"end":{"line":170,"column":25}},{"start":{"line":170,"column":28},"end":{"line":170,"column":30}}],"line":167},"3":{"loc":{"start":{"line":173,"column":26},"end":{"line":175,"column":57}},"type":"cond-expr","locations":[{"start":{"line":174,"column":30},"end":{"line":174,"column":87}},{"start":{"line":175,"column":30},"end":{"line":175,"column":57}}],"line":173},"4":{"loc":{"start":{"line":178,"column":37},"end":{"line":180,"column":36}},"type":"cond-expr","locations":[{"start":{"line":179,"column":30},"end":{"line":179,"column":57}},{"start":{"line":180,"column":30},"end":{"line":180,"column":36}}],"line":178},"5":{"loc":{"start":{"line":183,"column":25},"end":{"line":183,"column":83}},"type":"cond-expr","locations":[{"start":{"line":183,"column":64},"end":{"line":183,"column":67}},{"start":{"line":183,"column":70},"end":{"line":183,"column":83}}],"line":183},"6":{"loc":{"start":{"line":205,"column":15},"end":{"line":214,"column":15}},"type":"binary-expr","locations":[{"start":{"line":205,"column":15},"end":{"line":205,"column":32}},{"start":{"line":206,"column":16},"end":{"line":213,"column":29}}],"line":205},"7":{"loc":{"start":{"line":226,"column":17},"end":{"line":234,"column":17}},"type":"binary-expr","locations":[{"start":{"line":226,"column":17},"end":{"line":226,"column":43}},{"start":{"line":227,"column":18},"end":{"line":233,"column":34}}],"line":226},"8":{"loc":{"start":{"line":235,"column":17},"end":{"line":244,"column":17}},"type":"binary-expr","locations":[{"start":{"line":235,"column":18},"end":{"line":235,"column":42}},{"start":{"line":235,"column":46},"end":{"line":235,"column":69}},{"start":{"line":236,"column":18},"end":{"line":243,"column":34}}],"line":235}},"s":{"0":0,"1":0,"2":0,"3":0,"4":0,"5":0,"6":0,"7":0,"8":0,"9":0,"10":0,"11":0,"12":0,"13":0,"14":0,"15":0,"16":0,"17":0,"18":0,"19":0,"20":0,"21":0,"22":0,"23":0},"f":{"0":0,"1":0,"2":0,"3":0,"4":0,"5":0,"6":0,"7":0,"8":0,"9":0,"10":0,"11":0,"12":0},"b":{"0":[0,0],"1":[0,0],"2":[0,0],"3":[0,0],"4":[0,0],"5":[0,0],"6":[0,0],"7":[0,0],"8":[0,0,0]}}
,"C:\\Users\\user\\aijobchommie-pwa\\frontend\\src\\pages\\CompanyDetailsPage.jsx": {"path":"C:\\Users\\user\\aijobchommie-pwa\\frontend\\src\\pages\\CompanyDetailsPage.jsx","statementMap":{"0":{"start":{"line":5,"column":27},"end":{"line":32,"column":1}},"1":{"start":{"line":6,"column":19},"end":{"line":6,"column":32}},"2":{"start":{"line":7,"column":2},"end":{"line":31,"column":4}},"3":{"start":{"line":14,"column":31},"end":{"line":14,"column":43}}},"fnMap":{"0":{"name":"(anonymous_0)","decl":{"start":{"line":5,"column":27},"end":{"line":5,"column":28}},"loc":{"start":{"line":5,"column":33},"end":{"line":32,"column":1}},"line":5},"1":{"name":"(anonymous_1)","decl":{"start":{"line":14,"column":25},"end":{"line":14,"column":26}},"loc":{"start":{"line":14,"column":31},"end":{"line":14,"column":43}},"line":14}},"branchMap":{},"s":{"0":0,"1":0,"2":0,"3":0},"f":{"0":0,"1":0},"b":{}}
,"C:\\Users\\user\\aijobchommie-pwa\\frontend\\src\\pages\\ContactPage.jsx": {"path":"C:\\Users\\user\\aijobchommie-pwa\\frontend\\src\\pages\\ContactPage.jsx","statementMap":{"0":{"start":{"line":5,"column":20},"end":{"line":35,"column":1}},"1":{"start":{"line":6,"column":19},"end":{"line":6,"column":32}},"2":{"start":{"line":7,"column":2},"end":{"line":34,"column":4}},"3":{"start":{"line":14,"column":31},"end":{"line":14,"column":43}}},"fnMap":{"0":{"name":"(anonymous_0)","decl":{"start":{"line":5,"column":20},"end":{"line":5,"column":21}},"loc":{"start":{"line":5,"column":26},"end":{"line":35,"column":1}},"line":5},"1":{"name":"(anonymous_1)","decl":{"start":{"line":14,"column":25},"end":{"line":14,"column":26}},"loc":{"start":{"line":14,"column":31},"end":{"line":14,"column":43}},"line":14}},"branchMap":{},"s":{"0":0,"1":0,"2":0,"3":0},"f":{"0":0,"1":0},"b":{}}
,"C:\\Users\\user\\aijobchommie-pwa\\frontend\\src\\pages\\DashboardPage.jsx": {"path":"C:\\Users\\user\\aijobchommie-pwa\\frontend\\src\\pages\\DashboardPage.jsx","statementMap":{"0":{"start":{"line":5,"column":22},"end":{"line":32,"column":1}},"1":{"start":{"line":6,"column":19},"end":{"line":6,"column":32}},"2":{"start":{"line":7,"column":2},"end":{"line":31,"column":4}},"3":{"start":{"line":14,"column":31},"end":{"line":14,"column":43}}},"fnMap":{"0":{"name":"(anonymous_0)","decl":{"start":{"line":5,"column":22},"end":{"line":5,"column":23}},"loc":{"start":{"line":5,"column":28},"end":{"line":32,"column":1}},"line":5},"1":{"name":"(anonymous_1)","decl":{"start":{"line":14,"column":25},"end":{"line":14,"column":26}},"loc":{"start":{"line":14,"column":31},"end":{"line":14,"column":43}},"line":14}},"branchMap":{},"s":{"0":0,"1":0,"2":0,"3":0},"f":{"0":0,"1":0},"b":{}}
,"C:\\Users\\user\\aijobchommie-pwa\\frontend\\src\\pages\\ForgotPasswordPage.jsx": {"path":"C:\\Users\\user\\aijobchommie-pwa\\frontend\\src\\pages\\ForgotPasswordPage.jsx","statementMap":{"0":{"start":{"line":6,"column":27},"end":{"line":47,"column":1}},"1":{"start":{"line":7,"column":19},"end":{"line":7,"column":32}},"2":{"start":{"line":8,"column":28},"end":{"line":8,"column":40}},"3":{"start":{"line":10,"column":31},"end":{"line":14,"column":3}},"4":{"start":{"line":12,"column":4},"end":{"line":12,"column":73}},"5":{"start":{"line":13,"column":4},"end":{"line":13,"column":47}},"6":{"start":{"line":13,"column":21},"end":{"line":13,"column":39}},"7":{"start":{"line":16,"column":2},"end":{"line":46,"column":4}},"8":{"start":{"line":30,"column":31},"end":{"line":30,"column":55}}},"fnMap":{"0":{"name":"(anonymous_0)","decl":{"start":{"line":6,"column":27},"end":{"line":6,"column":28}},"loc":{"start":{"line":6,"column":33},"end":{"line":47,"column":1}},"line":6},"1":{"name":"(anonymous_1)","decl":{"start":{"line":10,"column":31},"end":{"line":10,"column":32}},"loc":{"start":{"line":10,"column":43},"end":{"line":14,"column":3}},"line":10},"2":{"name":"(anonymous_2)","decl":{"start":{"line":13,"column":15},"end":{"line":13,"column":16}},"loc":{"start":{"line":13,"column":21},"end":{"line":13,"column":39}},"line":13},"3":{"name":"(anonymous_3)","decl":{"start":{"line":30,"column":24},"end":{"line":30,"column":25}},"loc":{"start":{"line":30,"column":31},"end":{"line":30,"column":55}},"line":30}},"branchMap":{},"s":{"0":0,"1":0,"2":0,"3":0,"4":0,"5":0,"6":0,"7":0,"8":0},"f":{"0":0,"1":0,"2":0,"3":0},"b":{}}
,"C:\\Users\\user\\aijobchommie-pwa\\frontend\\src\\pages\\HelpPage.jsx": {"path":"C:\\Users\\user\\aijobchommie-pwa\\frontend\\src\\pages\\HelpPage.jsx","statementMap":{"0":{"start":{"line":5,"column":17},"end":{"line":32,"column":1}},"1":{"start":{"line":6,"column":19},"end":{"line":6,"column":32}},"2":{"start":{"line":7,"column":2},"end":{"line":31,"column":4}},"3":{"start":{"line":14,"column":31},"end":{"line":14,"column":43}}},"fnMap":{"0":{"name":"(anonymous_0)","decl":{"start":{"line":5,"column":17},"end":{"line":5,"column":18}},"loc":{"start":{"line":5,"column":23},"end":{"line":32,"column":1}},"line":5},"1":{"name":"(anonymous_1)","decl":{"start":{"line":14,"column":25},"end":{"line":14,"column":26}},"loc":{"start":{"line":14,"column":31},"end":{"line":14,"column":43}},"line":14}},"branchMap":{},"s":{"0":0,"1":0,"2":0,"3":0},"f":{"0":0,"1":0},"b":{}}
,"C:\\Users\\user\\aijobchommie-pwa\\frontend\\src\\pages\\HomePage.jsx": {"path":"C:\\Users\\user\\aijobchommie-pwa\\frontend\\src\\pages\\HomePage.jsx","statementMap":{"0":{"start":{"line":8,"column":17},"end":{"line":213,"column":1}},"1":{"start":{"line":9,"column":19},"end":{"line":9,"column":32}},"2":{"start":{"line":10,"column":26},"end":{"line":10,"column":40}},"3":{"start":{"line":11,"column":28},"end":{"line":15,"column":4}},"4":{"start":{"line":16,"column":44},"end":{"line":20,"column":4}},"5":{"start":{"line":22,"column":2},"end":{"line":24,"column":9}},"6":{"start":{"line":23,"column":4},"end":{"line":23,"column":20}},"7":{"start":{"line":26,"column":24},"end":{"line":29,"column":3}},"8":{"start":{"line":27,"column":31},"end":{"line":27,"column":60}},"9":{"start":{"line":28,"column":4},"end":{"line":28,"column":18}},"10":{"start":{"line":31,"column":29},"end":{"line":36,"column":3}},"11":{"start":{"line":38,"column":22},"end":{"line":38,"column":95}},"12":{"start":{"line":40,"column":20},"end":{"line":62,"column":3}},"13":{"start":{"line":64,"column":23},"end":{"line":68,"column":3}},"14":{"start":{"line":65,"column":56},"end":{"line":65,"column":73}},"15":{"start":{"line":66,"column":57},"end":{"line":66,"column":77}},"16":{"start":{"line":67,"column":54},"end":{"line":67,"column":79}},"17":{"start":{"line":70,"column":2},"end":{"line":212,"column":4}},"18":{"start":{"line":85,"column":10},"end":{"line":110,"column":23}},"19":{"start":{"line":124,"column":12},"end":{"line":135,"column":28}},"20":{"start":{"line":149,"column":12},"end":{"line":178,"column":25}},"21":{"start":{"line":156,"column":29},"end":{"line":156,"column":56}},"22":{"start":{"line":190,"column":23},"end":{"line":190,"column":40}}},"fnMap":{"0":{"name":"(anonymous_0)","decl":{"start":{"line":8,"column":17},"end":{"line":8,"column":18}},"loc":{"start":{"line":8,"column":23},"end":{"line":213,"column":1}},"line":8},"1":{"name":"(anonymous_1)","decl":{"start":{"line":22,"column":12},"end":{"line":22,"column":13}},"loc":{"start":{"line":22,"column":18},"end":{"line":24,"column":3}},"line":22},"2":{"name":"(anonymous_2)","decl":{"start":{"line":26,"column":24},"end":{"line":26,"column":25}},"loc":{"start":{"line":26,"column":36},"end":{"line":29,"column":3}},"line":26},"3":{"name":"(anonymous_3)","decl":{"start":{"line":65,"column":50},"end":{"line":65,"column":51}},"loc":{"start":{"line":65,"column":56},"end":{"line":65,"column":73}},"line":65},"4":{"name":"(anonymous_4)","decl":{"start":{"line":66,"column":51},"end":{"line":66,"column":52}},"loc":{"start":{"line":66,"column":57},"end":{"line":66,"column":77}},"line":66},"5":{"name":"(anonymous_5)","decl":{"start":{"line":67,"column":48},"end":{"line":67,"column":49}},"loc":{"start":{"line":67,"column":54},"end":{"line":67,"column":79}},"line":67},"6":{"name":"(anonymous_6)","decl":{"start":{"line":84,"column":23},"end":{"line":84,"column":24}},"loc":{"start":{"line":85,"column":10},"end":{"line":110,"column":23}},"line":85},"7":{"name":"(anonymous_7)","decl":{"start":{"line":123,"column":28},"end":{"line":123,"column":29}},"loc":{"start":{"line":124,"column":12},"end":{"line":135,"column":28}},"line":124},"8":{"name":"(anonymous_8)","decl":{"start":{"line":148,"column":29},"end":{"line":148,"column":30}},"loc":{"start":{"line":149,"column":12},"end":{"line":178,"column":25}},"line":149},"9":{"name":"(anonymous_9)","decl":{"start":{"line":156,"column":23},"end":{"line":156,"column":24}},"loc":{"start":{"line":156,"column":29},"end":{"line":156,"column":56}},"line":156},"10":{"name":"(anonymous_10)","decl":{"start":{"line":190,"column":17},"end":{"line":190,"column":18}},"loc":{"start":{"line":190,"column":23},"end":{"line":190,"column":40}},"line":190}},"branchMap":{"0":{"loc":{"start":{"line":78,"column":53},"end":{"line":78,"column":96}},"type":"binary-expr","locations":[{"start":{"line":78,"column":53},"end":{"line":78,"column":83}},{"start":{"line":78,"column":87},"end":{"line":78,"column":96}}],"line":78},"1":{"loc":{"start":{"line":168,"column":27},"end":{"line":169,"column":86}},"type":"cond-expr","locations":[{"start":{"line":168,"column":45},"end":{"line":168,"column":64}},{"start":{"line":169,"column":27},"end":{"line":169,"column":86}}],"line":168},"2":{"loc":{"start":{"line":169,"column":27},"end":{"line":169,"column":86}},"type":"cond-expr","locations":[{"start":{"line":169,"column":45},"end":{"line":169,"column":63}},{"start":{"line":169,"column":66},"end":{"line":169,"column":86}}],"line":169},"3":{"loc":{"start":{"line":170,"column":44},"end":{"line":171,"column":102}},"type":"cond-expr","locations":[{"start":{"line":170,"column":62},"end":{"line":170,"column":81}},{"start":{"line":171,"column":43},"end":{"line":171,"column":102}}],"line":170},"4":{"loc":{"start":{"line":171,"column":43},"end":{"line":171,"column":102}},"type":"cond-expr","locations":[{"start":{"line":171,"column":61},"end":{"line":171,"column":79}},{"start":{"line":171,"column":82},"end":{"line":171,"column":102}}],"line":171}},"s":{"0":0,"1":0,"2":0,"3":0,"4":0,"5":0,"6":0,"7":0,"8":0,"9":0,"10":0,"11":0,"12":0,"13":0,"14":0,"15":0,"16":0,"17":0,"18":0,"19":0,"20":0,"21":0,"22":0},"f":{"0":0,"1":0,"2":0,"3":0,"4":0,"5":0,"6":0,"7":0,"8":0,"9":0,"10":0},"b":{"0":[0,0],"1":[0,0],"2":[0,0],"3":[0,0],"4":[0,0]}}
,"C:\\Users\\user\\aijobchommie-pwa\\frontend\\src\\pages\\JobsPage.jsx": {"path":"C:\\Users\\user\\aijobchommie-pwa\\frontend\\src\\pages\\JobsPage.jsx","statementMap":{"0":{"start":{"line":8,"column":17},"end":{"line":282,"column":1}},"1":{"start":{"line":9,"column":19},"end":{"line":9,"column":32}},"2":{"start":{"line":10,"column":25},"end":{"line":10,"column":42}},"3":{"start":{"line":11,"column":40},"end":{"line":11,"column":52}},"4":{"start":{"line":12,"column":36},"end":{"line":12,"column":51}},"5":{"start":{"line":13,"column":40},"end":{"line":13,"column":55}},"6":{"start":{"line":14,"column":32},"end":{"line":14,"column":47}},"7":{"start":{"line":15,"column":26},"end":{"line":60,"column":4}},"8":{"start":{"line":62,"column":15},"end":{"line":67,"column":3}},"9":{"start":{"line":69,"column":27},"end":{"line":76,"column":3}},"10":{"start":{"line":70,"column":4},"end":{"line":70,"column":21}},"11":{"start":{"line":72,"column":4},"end":{"line":75,"column":13}},"12":{"start":{"line":73,"column":6},"end":{"line":73,"column":57}},"13":{"start":{"line":74,"column":6},"end":{"line":74,"column":24}},"14":{"start":{"line":78,"column":24},"end":{"line":80,"column":3}},"15":{"start":{"line":79,"column":4},"end":{"line":79,"column":48}},"16":{"start":{"line":82,"column":23},"end":{"line":85,"column":3}},"17":{"start":{"line":83,"column":4},"end":{"line":84,"column":65}},"18":{"start":{"line":87,"column":2},"end":{"line":281,"column":4}},"19":{"start":{"line":95,"column":31},"end":{"line":95,"column":43}},"20":{"start":{"line":101,"column":27},"end":{"line":101,"column":55}},"21":{"start":{"line":127,"column":27},"end":{"line":127,"column":57}},"22":{"start":{"line":141,"column":10},"end":{"line":153,"column":26}},"23":{"start":{"line":145,"column":27},"end":{"line":145,"column":47}},"24":{"start":{"line":161,"column":12},"end":{"line":238,"column":25}},"25":{"start":{"line":212,"column":33},"end":{"line":212,"column":54}},"26":{"start":{"line":220,"column":33},"end":{"line":220,"column":57}},"27":{"start":{"line":229,"column":33},"end":{"line":229,"column":60}},"28":{"start":{"line":263,"column":27},"end":{"line":263,"column":48}},"29":{"start":{"line":270,"column":30},"end":{"line":270,"column":49}}},"fnMap":{"0":{"name":"(anonymous_0)","decl":{"start":{"line":8,"column":17},"end":{"line":8,"column":18}},"loc":{"start":{"line":8,"column":23},"end":{"line":282,"column":1}},"line":8},"1":{"name":"(anonymous_1)","decl":{"start":{"line":69,"column":27},"end":{"line":69,"column":28}},"loc":{"start":{"line":69,"column":44},"end":{"line":76,"column":3}},"line":69},"2":{"name":"(anonymous_2)","decl":{"start":{"line":72,"column":15},"end":{"line":72,"column":16}},"loc":{"start":{"line":72,"column":21},"end":{"line":75,"column":5}},"line":72},"3":{"name":"(anonymous_3)","decl":{"start":{"line":78,"column":24},"end":{"line":78,"column":25}},"loc":{"start":{"line":78,"column":35},"end":{"line":80,"column":3}},"line":78},"4":{"name":"(anonymous_4)","decl":{"start":{"line":82,"column":35},"end":{"line":82,"column":36}},"loc":{"start":{"line":83,"column":4},"end":{"line":84,"column":65}},"line":83},"5":{"name":"(anonymous_5)","decl":{"start":{"line":95,"column":25},"end":{"line":95,"column":26}},"loc":{"start":{"line":95,"column":31},"end":{"line":95,"column":43}},"line":95},"6":{"name":"(anonymous_6)","decl":{"start":{"line":101,"column":21},"end":{"line":101,"column":22}},"loc":{"start":{"line":101,"column":27},"end":{"line":101,"column":55}},"line":101},"7":{"name":"(anonymous_7)","decl":{"start":{"line":127,"column":20},"end":{"line":127,"column":21}},"loc":{"start":{"line":127,"column":27},"end":{"line":127,"column":57}},"line":127},"8":{"name":"(anonymous_8)","decl":{"start":{"line":140,"column":18},"end":{"line":140,"column":19}},"loc":{"start":{"line":141,"column":10},"end":{"line":153,"column":26}},"line":141},"9":{"name":"(anonymous_9)","decl":{"start":{"line":145,"column":21},"end":{"line":145,"column":22}},"loc":{"start":{"line":145,"column":27},"end":{"line":145,"column":47}},"line":145},"10":{"name":"(anonymous_10)","decl":{"start":{"line":160,"column":28},"end":{"line":160,"column":29}},"loc":{"start":{"line":161,"column":12},"end":{"line":238,"column":25}},"line":161},"11":{"name":"(anonymous_11)","decl":{"start":{"line":212,"column":27},"end":{"line":212,"column":28}},"loc":{"start":{"line":212,"column":33},"end":{"line":212,"column":54}},"line":212},"12":{"name":"(anonymous_12)","decl":{"start":{"line":220,"column":27},"end":{"line":220,"column":28}},"loc":{"start":{"line":220,"column":33},"end":{"line":220,"column":57}},"line":220},"13":{"name":"(anonymous_13)","decl":{"start":{"line":229,"column":27},"end":{"line":229,"column":28}},"loc":{"start":{"line":229,"column":33},"end":{"line":229,"column":60}},"line":229},"14":{"name":"(anonymous_14)","decl":{"start":{"line":263,"column":21},"end":{"line":263,"column":22}},"loc":{"start":{"line":263,"column":27},"end":{"line":263,"column":48}},"line":263},"15":{"name":"(anonymous_15)","decl":{"start":{"line":270,"column":23},"end":{"line":270,"column":24}},"loc":{"start":{"line":270,"column":30},"end":{"line":270,"column":49}},"line":270}},"branchMap":{"0":{"loc":{"start":{"line":83,"column":4},"end":{"line":84,"column":65}},"type":"binary-expr","locations":[{"start":{"line":83,"column":4},"end":{"line":83,"column":63}},{"start":{"line":84,"column":4},"end":{"line":84,"column":65}}],"line":83},"1":{"loc":{"start":{"line":147,"column":14},"end":{"line":149,"column":56}},"type":"cond-expr","locations":[{"start":{"line":148,"column":18},"end":{"line":148,"column":75}},{"start":{"line":149,"column":18},"end":{"line":149,"column":56}}],"line":147},"2":{"loc":{"start":{"line":181,"column":27},"end":{"line":182,"column":86}},"type":"cond-expr","locations":[{"start":{"line":181,"column":45},"end":{"line":181,"column":64}},{"start":{"line":182,"column":27},"end":{"line":182,"column":86}}],"line":181},"3":{"loc":{"start":{"line":182,"column":27},"end":{"line":182,"column":86}},"type":"cond-expr","locations":[{"start":{"line":182,"column":45},"end":{"line":182,"column":63}},{"start":{"line":182,"column":66},"end":{"line":182,"column":86}}],"line":182},"4":{"loc":{"start":{"line":183,"column":44},"end":{"line":184,"column":102}},"type":"cond-expr","locations":[{"start":{"line":183,"column":62},"end":{"line":183,"column":81}},{"start":{"line":184,"column":43},"end":{"line":184,"column":102}}],"line":183},"5":{"loc":{"start":{"line":184,"column":43},"end":{"line":184,"column":102}},"type":"cond-expr","locations":[{"start":{"line":184,"column":61},"end":{"line":184,"column":79}},{"start":{"line":184,"column":82},"end":{"line":184,"column":102}}],"line":184},"6":{"loc":{"start":{"line":257,"column":9},"end":{"line":278,"column":9}},"type":"binary-expr","locations":[{"start":{"line":257,"column":9},"end":{"line":257,"column":20}},{"start":{"line":258,"column":10},"end":{"line":277,"column":23}}],"line":257}},"s":{"0":0,"1":0,"2":0,"3":0,"4":0,"5":0,"6":0,"7":0,"8":0,"9":0,"10":0,"11":0,"12":0,"13":0,"14":0,"15":0,"16":0,"17":0,"18":0,"19":0,"20":0,"21":0,"22":0,"23":0,"24":0,"25":0,"26":0,"27":0,"28":0,"29":0},"f":{"0":0,"1":0,"2":0,"3":0,"4":0,"5":0,"6":0,"7":0,"8":0,"9":0,"10":0,"11":0,"12":0,"13":0,"14":0,"15":0},"b":{"0":[0,0],"1":[0,0],"2":[0,0],"3":[0,0],"4":[0,0],"5":[0,0],"6":[0,0]}}
,"C:\\Users\\user\\aijobchommie-pwa\\frontend\\src\\pages\\LoadingPage.jsx": {"path":"C:\\Users\\user\\aijobchommie-pwa\\frontend\\src\\pages\\LoadingPage.jsx","statementMap":{"0":{"start":{"line":4,"column":20},"end":{"line":191,"column":1}},"1":{"start":{"line":5,"column":34},"end":{"line":5,"column":45}},"2":{"start":{"line":7,"column":2},"end":{"line":19,"column":9}},"3":{"start":{"line":8,"column":21},"end":{"line":16,"column":10}},"4":{"start":{"line":9,"column":6},"end":{"line":15,"column":9}},"5":{"start":{"line":10,"column":8},"end":{"line":13,"column":9}},"6":{"start":{"line":11,"column":10},"end":{"line":11,"column":34}},"7":{"start":{"line":12,"column":10},"end":{"line":12,"column":21}},"8":{"start":{"line":14,"column":8},"end":{"line":14,"column":24}},"9":{"start":{"line":18,"column":4},"end":{"line":18,"column":41}},"10":{"start":{"line":18,"column":17},"end":{"line":18,"column":40}},"11":{"start":{"line":21,"column":2},"end":{"line":190,"column":4}},"12":{"start":{"line":83,"column":14},"end":{"line":98,"column":23}},"13":{"start":{"line":168,"column":10},"end":{"line":186,"column":23}}},"fnMap":{"0":{"name":"(anonymous_0)","decl":{"start":{"line":4,"column":20},"end":{"line":4,"column":21}},"loc":{"start":{"line":4,"column":75},"end":{"line":191,"column":1}},"line":4},"1":{"name":"(anonymous_1)","decl":{"start":{"line":7,"column":12},"end":{"line":7,"column":13}},"loc":{"start":{"line":7,"column":18},"end":{"line":19,"column":3}},"line":7},"2":{"name":"(anonymous_2)","decl":{"start":{"line":8,"column":33},"end":{"line":8,"column":34}},"loc":{"start":{"line":8,"column":39},"end":{"line":16,"column":5}},"line":8},"3":{"name":"(anonymous_3)","decl":{"start":{"line":9,"column":18},"end":{"line":9,"column":19}},"loc":{"start":{"line":9,"column":26},"end":{"line":15,"column":7}},"line":9},"4":{"name":"(anonymous_4)","decl":{"start":{"line":18,"column":11},"end":{"line":18,"column":12}},"loc":{"start":{"line":18,"column":17},"end":{"line":18,"column":40}},"line":18},"5":{"name":"(anonymous_5)","decl":{"start":{"line":82,"column":18},"end":{"line":82,"column":19}},"loc":{"start":{"line":83,"column":14},"end":{"line":98,"column":23}},"line":83},"6":{"name":"(anonymous_6)","decl":{"start":{"line":167,"column":28},"end":{"line":167,"column":29}},"loc":{"start":{"line":168,"column":10},"end":{"line":186,"column":23}},"line":168}},"branchMap":{"0":{"loc":{"start":{"line":4,"column":23},"end":{"line":4,"column":68}},"type":"default-arg","locations":[{"start":{"line":4,"column":37},"end":{"line":4,"column":68}}],"line":4},"1":{"loc":{"start":{"line":10,"column":8},"end":{"line":13,"column":9}},"type":"if","locations":[{"start":{"line":10,"column":8},"end":{"line":13,"column":9}},{"start":{},"end":{}}],"line":10},"2":{"loc":{"start":{"line":156,"column":11},"end":{"line":156,"column":66}},"type":"binary-expr","locations":[{"start":{"line":156,"column":11},"end":{"line":156,"column":24}},{"start":{"line":156,"column":28},"end":{"line":156,"column":66}}],"line":156},"3":{"loc":{"start":{"line":157,"column":11},"end":{"line":157,"column":78}},"type":"binary-expr","locations":[{"start":{"line":157,"column":11},"end":{"line":157,"column":25}},{"start":{"line":157,"column":29},"end":{"line":157,"column":42}},{"start":{"line":157,"column":46},"end":{"line":157,"column":78}}],"line":157},"4":{"loc":{"start":{"line":158,"column":11},"end":{"line":158,"column":73}},"type":"binary-expr","locations":[{"start":{"line":158,"column":11},"end":{"line":158,"column":25}},{"start":{"line":158,"column":29},"end":{"line":158,"column":42}},{"start":{"line":158,"column":46},"end":{"line":158,"column":73}}],"line":158},"5":{"loc":{"start":{"line":159,"column":11},"end":{"line":159,"column":85}},"type":"binary-expr","locations":[{"start":{"line":159,"column":11},"end":{"line":159,"column":25}},{"start":{"line":159,"column":29},"end":{"line":159,"column":42}},{"start":{"line":159,"column":46},"end":{"line":159,"column":85}}],"line":159},"6":{"loc":{"start":{"line":160,"column":11},"end":{"line":160,"column":80}},"type":"binary-expr","locations":[{"start":{"line":160,"column":11},"end":{"line":160,"column":25}},{"start":{"line":160,"column":29},"end":{"line":160,"column":43}},{"start":{"line":160,"column":47},"end":{"line":160,"column":80}}],"line":160},"7":{"loc":{"start":{"line":161,"column":11},"end":{"line":161,"column":58}},"type":"binary-expr","locations":[{"start":{"line":161,"column":11},"end":{"line":161,"column":26}},{"start":{"line":161,"column":30},"end":{"line":161,"column":58}}],"line":161},"8":{"loc":{"start":{"line":185,"column":13},"end":{"line":185,"column":44}},"type":"cond-expr","locations":[{"start":{"line":185,"column":35},"end":{"line":185,"column":38}},{"start":{"line":185,"column":41},"end":{"line":185,"column":44}}],"line":185}},"s":{"0":0,"1":0,"2":0,"3":0,"4":0,"5":0,"6":0,"7":0,"8":0,"9":0,"10":0,"11":0,"12":0,"13":0},"f":{"0":0,"1":0,"2":0,"3":0,"4":0,"5":0,"6":0},"b":{"0":[0],"1":[0,0],"2":[0,0],"3":[0,0,0],"4":[0,0,0],"5":[0,0,0],"6":[0,0,0],"7":[0,0],"8":[0,0]}}
[...]
,"C:\\Users\\user\\aijobchommie-pwa\\frontend\\src\\pages\\SettingsPage.jsx": {"path":"C:\\Users\\user\\aijobchommie-pwa\\frontend\\src\\pages\\SettingsPage.jsx","statementMap":{"0":{"start":{"line":11,"column":21},"end":{"line":287,"column":1}},"1":{"start":{"line":12,"column":19},"end":{"line":12,"column":32}},"2":{"start":{"line":13,"column":44},"end":{"line":17,"column":4}},"3":{"start":{"line":18,"column":38},"end":{"line":22,"column":4}},"4":{"start":{"line":24,"column":26},"end":{"line":42,"column":3}},"5":{"start":{"line":44,"column":23},"end":{"line":58,"column":3}},"6":{"start":{"line":45,"column":4},"end":{"line":57,"column":5}},"7":{"start":{"line":46,"column":6},"end":{"line":49,"column":10}},"8":{"start":{"line":46,"column":32},"end":{"line":49,"column":7}},"9":{"start":{"line":50,"column":6},"end":{"line":50,"column":78}},"10":{"start":{"line":51,"column":11},"end":{"line":57,"column":5}},"11":{"start":{"line":52,"column":6},"end":{"line":55,"column":10}},"12":{"start":{"line":52,"column":29},"end":{"line":55,"column":7}},"13":{"start":{"line":56,"column":6},"end":{"line":56,"column":75}},"14":{"start":{"line":60,"column":29},"end":{"line":65,"column":3}},"15":{"start":{"line":61,"column":4},"end":{"line":64,"column":8}},"16":{"start":{"line":61,"column":27},"end":{"line":64,"column":5}},"17":{"start":{"line":67,"column":2},"end":{"line":286,"column":4}},"18":{"start":{"line":75,"column":31},"end":{"line":75,"column":43}},"19":{"start":{"line":82,"column":8},"end":{"line":110,"column":21}},"20":{"start":{"line":92,"column":14},"end":{"line":107,"column":30}},"21":{"start":{"line":99,"column":31},"end":{"line":99,"column":50}},"22":{"start":{"line":127,"column":12},"end":{"line":154,"column":25}},"23":{"start":{"line":140,"column":31},"end":{"line":140,"column":70}},"24":{"start":{"line":181,"column":29},"end":{"line":181,"column":60}},"25":{"start":{"line":225,"column":33},"end":{"line":225,"column":67}},"26":{"start":{"line":244,"column":29},"end":{"line":244,"column":62}},"27":{"start":{"line":265,"column":10},"end":{"line":282,"column":23}}},"fnMap":{"0":{"name":"(anonymous_0)","decl":{"start":{"line":11,"column":21},"end":{"line":11,"column":22}},"loc":{"start":{"line":11,"column":27},"end":{"line":287,"column":1}},"line":11},"1":{"name":"(anonymous_1)","decl":{"start":{"line":44,"column":23},"end":{"line":44,"column":24}},"loc":{"start":{"line":44,"column":41},"end":{"line":58,"column":3}},"line":44},"2":{"name":"(anonymous_2)","decl":{"start":{"line":46,"column":23},"end":{"line":46,"column":24}},"loc":{"start":{"line":46,"column":32},"end":{"line":49,"column":7}},"line":46},"3":{"name":"(anonymous_3)","decl":{"start":{"line":52,"column":20},"end":{"line":52,"column":21}},"loc":{"start":{"line":52,"column":29},"end":{"line":55,"column":7}},"line":52},"4":{"name":"(anonymous_4)","decl":{"start":{"line":60,"column":29},"end":{"line":60,"column":30}},"loc":{"start":{"line":60,"column":40},"end":{"line":65,"column":3}},"line":60},"5":{"name":"(anonymous_5)","decl":{"start":{"line":61,"column":18},"end":{"line":61,"column":19}},"loc":{"start":{"line":61,"column":27},"end":{"line":64,"column":5}},"line":61},"6":{"name":"(anonymous_6)","decl":{"start":{"line":75,"column":25},"end":{"line":75,"column":26}},"loc":{"start":{"line":75,"column":31},"end":{"line":75,"column":43}},"line":75},"7":{"name":"(anonymous_7)","decl":{"start":{"line":81,"column":27},"end":{"line":81,"column":28}},"loc":{"start":{"line":82,"column":8},"end":{"line":110,"column":21}},"line":82},"8":{"name":"(anonymous_8)","decl":{"start":{"line":91,"column":31},"end":{"line":91,"column":32}},"loc":{"start":{"line":92,"column":14},"end":{"line":107,"column":30}},"line":92},"9":{"name":"(anonymous_9)","decl":{"start":{"line":99,"column":25},"end":{"line":99,"column":26}},"loc":{"start":{"line":99,"column":31},"end":{"line":99,"column":50}},"line":99},"10":{"name":"(anonymous_10)","decl":{"start":{"line":126,"column":16},"end":{"line":126,"column":17}},"loc":{"start":{"line":127,"column":12},"end":{"line":154,"column":25}},"line":127},"11":{"name":"(anonymous_11)","decl":{"start":{"line":140,"column":25},"end":{"line":140,"column":26}},"loc":{"start":{"line":140,"column":31},"end":{"line":140,"column":70}},"line":140},"12":{"name":"(anonymous_12)","decl":{"start":{"line":181,"column":23},"end":{"line":181,"column":24}},"loc":{"start":{"line":181,"column":29},"end":{"line":181,"column":60}},"line":181},"13":{"name":"(anonymous_13)","decl":{"start":{"line":225,"column":26},"end":{"line":225,"column":27}},"loc":{"start":{"line":225,"column":33},"end":{"line":225,"column":67}},"line":225},"14":{"name":"(anonymous_14)","decl":{"start":{"line":244,"column":23},"end":{"line":244,"column":24}},"loc":{"start":{"line":244,"column":29},"end":{"line":244,"column":62}},"line":244},"15":{"name":"(anonymous_15)","decl":{"start":{"line":264,"column":27},"end":{"line":264,"column":28}},"loc":{"start":{"line":265,"column":10},"end":{"line":282,"column":23}},"line":265}},"branchMap":{"0":{"loc":{"start":{"line":45,"column":4},"end":{"line":57,"column":5}},"type":"if","locations":[{"start":{"line":45,"column":4},"end":{"line":57,"column":5}},{"start":{"line":51,"column":11},"end":{"line":57,"column":5}}],"line":45},"1":{"loc":{"start":{"line":50,"column":30},"end":{"line":50,"column":74}},"type":"cond-expr","locations":[{"start":{"line":50,"column":52},"end":{"line":50,"column":61}},{"start":{"line":50,"column":64},"end":{"line":50,"column":74}}],"line":50},"2":{"loc":{"start":{"line":51,"column":11},"end":{"line":57,"column":5}},"type":"if","locations":[{"start":{"line":51,"column":11},"end":{"line":57,"column":5}},{"start":{},"end":{}}],"line":51},"3":{"loc":{"start":{"line":51,"column":15},"end":{"line":51,"column":61}},"type":"binary-expr","locations":[{"start":{"line":51,"column":15},"end":{"line":51,"column":31}},{"start":{"line":51,"column":35},"end":{"line":51,"column":61}}],"line":51},"4":{"loc":{"start":{"line":56,"column":30},"end":{"line":56,"column":71}},"type":"cond-expr","locations":[{"start":{"line":56,"column":49},"end":{"line":56,"column":58}},{"start":{"line":56,"column":61},"end":{"line":56,"column":71}}],"line":56},"5":{"loc":{"start":{"line":142,"column":18},"end":{"line":142,"column":74}},"type":"cond-expr","locations":[{"start":{"line":142,"column":44},"end":{"line":142,"column":58}},{"start":{"line":142,"column":61},"end":{"line":142,"column":74}}],"line":142},"6":{"loc":{"start":{"line":145,"column":29},"end":{"line":145,"column":91}},"type":"cond-expr","locations":[{"start":{"line":145,"column":55},"end":{"line":145,"column":82}},{"start":{"line":145,"column":85},"end":{"line":145,"column":91}}],"line":145},"7":{"loc":{"start":{"line":149,"column":32},"end":{"line":149,"column":64}},"type":"cond-expr","locations":[{"start":{"line":149,"column":58},"end":{"line":149,"column":60}},{"start":{"line":149,"column":63},"end":{"line":149,"column":64}}],"line":149},"8":{"loc":{"start":{"line":183,"column":16},"end":{"line":183,"column":69}},"type":"cond-expr","locations":[{"start":{"line":183,"column":39},"end":{"line":183,"column":53}},{"start":{"line":183,"column":56},"end":{"line":183,"column":69}}],"line":183},"9":{"loc":{"start":{"line":186,"column":27},"end":{"line":186,"column":86}},"type":"cond-expr","locations":[{"start":{"line":186,"column":50},"end":{"line":186,"column":77}},{"start":{"line":186,"column":80},"end":{"line":186,"column":86}}],"line":186},"10":{"loc":{"start":{"line":190,"column":30},"end":{"line":190,"column":59}},"type":"cond-expr","locations":[{"start":{"line":190,"column":53},"end":{"line":190,"column":55}},{"start":{"line":190,"column":58},"end":{"line":190,"column":59}}],"line":190},"11":{"loc":{"start":{"line":246,"column":16},"end":{"line":246,"column":72}},"type":"cond-expr","locations":[{"start":{"line":246,"column":41},"end":{"line":246,"column":56}},{"start":{"line":246,"column":59},"end":{"line":246,"column":72}}],"line":246},"12":{"loc":{"start":{"line":249,"column":27},"end":{"line":249,"column":89}},"type":"cond-expr","locations":[{"start":{"line":249,"column":52},"end":{"line":249,"column":80}},{"start":{"line":249,"column":83},"end":{"line":249,"column":89}}],"line":249},"13":{"loc":{"start":{"line":253,"column":30},"end":{"line":253,"column":61}},"type":"cond-expr","locations":[{"start":{"line":253,"column":55},"end":{"line":253,"column":57}},{"start":{"line":253,"column":60},"end":{"line":253,"column":61}}],"line":253},"14":{"loc":{"start":{"line":278,"column":25},"end":{"line":278,"column":59}},"type":"cond-expr","locations":[{"start":{"line":278,"column":39},"end":{"line":278,"column":47}},{"start":{"line":278,"column":50},"end":{"line":278,"column":59}}],"line":278}},"s":{"0":0,"1":0,"2":0,"3":0,"4":0,"5":0,"6":0,"7":0,"8":0,"9":0,"10":0,"11":0,"12":0,"13":0,"14":0,"15":0,"16":0,"17":0,"18":0,"19":0,"20":0,"21":0,"22":0,"23":0,"24":0,"25":0,"26":0,"27":0},"f":{"0":0,"1":0,"2":0,"3":0,"4":0,"5":0,"6":0,"7":0,"8":0,"9":0,"10":0,"11":0,"12":0,"13":0,"14":0,"15":0},"b":{"0":[0,0],"1":[0,0],"2":[0,0],"3":[0,0],"4":[0,0],"5":[0,0],"6":[0,0],"7":[0,0],"8":[0,0],"9":[0,0],"10":[0,0],"11":[0,0],"12":[0,0],"13":[0,0],"14":[0,0]}}
,"C:\\Users\\user\\aijobchommie-pwa\\frontend\\src\\pages\\SubscriptionPage.jsx": {"path":"C:\\Users\\user\\aijobchommie-pwa\\frontend\\src\\pages\\SubscriptionPage.jsx","statementMap":{"0":{"start":{"line":7,"column":25},"end":{"line":298,"column":1}},"1":{"start":{"line":8,"column":19},"end":{"line":8,"column":32}},"2":{"start":{"line":9,"column":42},"end":{"line":9,"column":58}},"3":{"start":{"line":10,"column":32},"end":{"line":10,"column":47}},"4":{"start":{"line":12,"column":16},"end":{"line":51,"column":3}},"5":{"start":{"line":53,"column":19},"end":{"line":58,"column":3}},"6":{"start":{"line":60,"column":24},"end":{"line":73,"column":3}},"7":{"start":{"line":61,"column":4},"end":{"line":64,"column":5}},"8":{"start":{"line":62,"column":6},"end":{"line":62,"column":57}},"9":{"start":{"line":63,"column":6},"end":{"line":63,"column":13}},"10":{"start":{"line":66,"column":4},"end":{"line":66,"column":21}},"11":{"start":{"line":68,"column":4},"end":{"line":72,"column":13}},"12":{"start":{"line":69,"column":6},"end":{"line":69,"column":56}},"13":{"start":{"line":71,"column":6},"end":{"line":71,"column":24}},"14":{"start":{"line":75,"column":2},"end":{"line":297,"column":4}},"15":{"start":{"line":83,"column":31},"end":{"line":83,"column":43}},"16":{"start":{"line":101,"column":10},"end":{"line":209,"column":23}},"17":{"start":{"line":107,"column":27},"end":{"line":107,"column":51}},"18":{"start":{"line":175,"column":16},"end":{"line":190,"column":28}},"19":{"start":{"line":223,"column":12},"end":{"line":233,"column":25}},"20":{"start":{"line":273,"column":10},"end":{"line":293,"column":23}}},"fnMap":{"0":{"name":"(anonymous_0)","decl":{"start":{"line":7,"column":25},"end":{"line":7,"column":26}},"loc":{"start":{"line":7,"column":31},"end":{"line":298,"column":1}},"line":7},"1":{"name":"(anonymous_1)","decl":{"start":{"line":60,"column":24},"end":{"line":60,"column":25}},"loc":{"start":{"line":60,"column":36},"end":{"line":73,"column":3}},"line":60},"2":{"name":"(anonymous_2)","decl":{"start":{"line":68,"column":15},"end":{"line":68,"column":16}},"loc":{"start":{"line":68,"column":21},"end":{"line":72,"column":5}},"line":68},"3":{"name":"(anonymous_3)","decl":{"start":{"line":83,"column":25},"end":{"line":83,"column":26}},"loc":{"start":{"line":83,"column":31},"end":{"line":83,"column":43}},"line":83},"4":{"name":"(anonymous_4)","decl":{"start":{"line":100,"column":19},"end":{"line":100,"column":20}},"loc":{"start":{"line":101,"column":10},"end":{"line":209,"column":23}},"line":101},"5":{"name":"(anonymous_5)","decl":{"start":{"line":107,"column":21},"end":{"line":107,"column":22}},"loc":{"start":{"line":107,"column":27},"end":{"line":107,"column":51}},"line":107},"6":{"name":"(anonymous_6)","decl":{"start":{"line":174,"column":33},"end":{"line":174,"column":34}},"loc":{"start":{"line":175,"column":16},"end":{"line":190,"column":28}},"line":175},"7":{"name":"(anonymous_7)","decl":{"start":{"line":222,"column":24},"end":{"line":222,"column":25}},"loc":{"start":{"line":223,"column":12},"end":{"line":233,"column":25}},"line":223},"8":{"name":"(anonymous_8)","decl":{"start":{"line":272,"column":27},"end":{"line":272,"column":28}},"loc":{"start":{"line":273,"column":10},"end":{"line":293,"column":23}},"line":273}},"branchMap":{"0":{"loc":{"start":{"line":61,"column":4},"end":{"line":64,"column":5}},"type":"if","locations":[{"start":{"line":61,"column":4},"end":{"line":64,"column":5}},{"start":{},"end":{}}],"line":61},"1":{"loc":{"start":{"line":109,"column":14},"end":{"line":109,"column":56}},"type":"cond-expr","locations":[{"start":{"line":109,"column":41},"end":{"line":109,"column":51}},{"start":{"line":109,"column":54},"end":{"line":109,"column":56}}],"line":109},"2":{"loc":{"start":{"line":112,"column":27},"end":{"line":112,"column":80}},"type":"cond-expr","locations":[{"start":{"line":112,"column":54},"end":{"line":112,"column":64}},{"start":{"line":112,"column":67},"end":{"line":112,"column":80}}],"line":112},"3":{"loc":{"start":{"line":113,"column":25},"end":{"line":115,"column":27}},"type":"cond-expr","locations":[{"start":{"line":114,"column":18},"end":{"line":114,"column":66}},{"start":{"line":115,"column":18},"end":{"line":115,"column":27}}],"line":113},"4":{"loc":{"start":{"line":119,"column":13},"end":{"line":131,"column":13}},"type":"binary-expr","locations":[{"start":{"line":119,"column":13},"end":{"line":119,"column":29}},{"start":{"line":120,"column":14},"end":{"line":130,"column":27}}],"line":119},"5":{"loc":{"start":{"line":161,"column":13},"end":{"line":170,"column":13}},"type":"binary-expr","locations":[{"start":{"line":161,"column":13},"end":{"line":161,"column":25}},{"start":{"line":162,"column":14},"end":{"line":169,"column":25}}],"line":161},"6":{"loc":{"start":{"line":182,"column":19},"end":{"line":186,"column":19}},"type":"cond-expr","locations":[{"start":{"line":183,"column":20},"end":{"line":183,"column":73}},{"start":{"line":185,"column":20},"end":{"line":185,"column":71}}],"line":182},"7":{"loc":{"start":{"line":187,"column":35},"end":{"line":187,"column":84}},"type":"cond-expr","locations":[{"start":{"line":187,"column":54},"end":{"line":187,"column":66}},{"start":{"line":187,"column":69},"end":{"line":187,"column":84}}],"line":187},"8":{"loc":{"start":{"line":199,"column":16},"end":{"line":201,"column":60}},"type":"cond-expr","locations":[{"start":{"line":200,"column":20},"end":{"line":200,"column":77}},{"start":{"line":201,"column":20},"end":{"line":201,"column":60}}],"line":199},"9":{"loc":{"start":{"line":204,"column":27},"end":{"line":204,"column":87}},"type":"cond-expr","locations":[{"start":{"line":204,"column":54},"end":{"line":204,"column":78}},{"start":{"line":204,"column":81},"end":{"line":204,"column":87}}],"line":204},"10":{"loc":{"start":{"line":207,"column":15},"end":{"line":207,"column":68}},"type":"cond-expr","locations":[{"start":{"line":207,"column":42},"end":{"line":207,"column":52}},{"start":{"line":207,"column":55},"end":{"line":207,"column":68}}],"line":207},"11":{"loc":{"start":{"line":249,"column":9},"end":{"line":257,"column":9}},"type":"cond-expr","locations":[{"start":{"line":250,"column":10},"end":{"line":254,"column":17}},{"start":{"line":256,"column":10},"end":{"line":256,"column":110}}],"line":249},"12":{"loc":{"start":{"line":256,"column":10},"end":{"line":256,"column":110}},"type":"cond-expr","locations":[{"start":{"line":256,"column":39},"end":{"line":256,"column":82}},{"start":{"line":256,"column":85},"end":{"line":256,"column":110}}],"line":256}},"s":{"0":0,"1":0,"2":0,"3":0,"4":0,"5":0,"6":0,"7":0,"8":0,"9":0,"10":0,"11":0,"12":0,"13":0,"14":0,"15":0,"16":0,"17":0,"18":0,"19":0,"20":0},"f":{"0":0,"1":0,"2":0,"3":0,"4":0,"5":0,"6":0,"7":0,"8":0},"b":{"0":[0,0],"1":[0,0],"2":[0,0],"3":[0,0],"4":[0,0],"5":[0,0],"6":[0,0],"7":[0,0],"8":[0,0],"9":[0,0],"10":[0,0],"11":[0,0],"12":[0,0]}}
,"C:\\Users\\user\\aijobchommie-pwa\\frontend\\src\\pages\\TermsPage.jsx": {"path":"C:\\Users\\user\\aijobchommie-pwa\\frontend\\src\\pages\\TermsPage.jsx","statementMap":{"0":{"start":{"line":5,"column":18},"end":{"line":31,"column":1}},"1":{"start":{"line":6,"column":19},"end":{"line":6,"column":32}},"2":{"start":{"line":7,"column":2},"end":{"line":30,"column":4}},"3":{"start":{"line":14,"column":31},"end":{"line":14,"column":43}}},"fnMap":{"0":{"name":"(anonymous_0)","decl":{"start":{"line":5,"column":18},"end":{"line":5,"column":19}},"loc":{"start":{"line":5,"column":24},"end":{"line":31,"column":1}},"line":5},"1":{"name":"(anonymous_1)","decl":{"start":{"line":14,"column":25},"end":{"line":14,"column":26}},"loc":{"start":{"line":14,"column":31},"end":{"line":14,"column":43}},"line":14}},"branchMap":{},"s":{"0":0,"1":0,"2":0,"3":0},"f":{"0":0,"1":0},"b":{}}
,"C:\\Users\\user\\aijobchommie-pwa\\frontend\\src\\pages\\WelcomePage.jsx": {"path":"C:\\Users\\user\\aijobchommie-pwa\\frontend\\src\\pages\\WelcomePage.jsx","statementMap":{"0":{"start":{"line":6,"column":20},"end":{"line":178,"column":1}},"1":{"start":{"line":7,"column":19},"end":{"line":7,"column":32}},"2":{"start":{"line":8,"column":34},"end":{"line":8,"column":49}},"3":{"start":{"line":10,"column":2},"end":{"line":12,"column":9}},"4":{"start":{"line":11,"column":4},"end":{"line":11,"column":22}},"5":{"start":{"line":14,"column":24},"end":{"line":19,"column":3}},"6":{"start":{"line":21,"column":2},"end":{"line":177,"column":4}},"7":{"start":{"line":94,"column":23},"end":{"line":94,"column":41}},"8":{"start":{"line":103,"column":10},"end":{"line":114,"column":23}},"9":{"start":{"line":156,"column":10},"end":{"line":173,"column":12}}},"fnMap":{"0":{"name":"(anonymous_0)","decl":{"start":{"line":6,"column":20},"end":{"line":6,"column":21}},"loc":{"start":{"line":6,"column":26},"end":{"line":178,"column":1}},"line":6},"1":{"name":"(anonymous_1)","decl":{"start":{"line":10,"column":12},"end":{"line":10,"column":13}},"loc":{"start":{"line":10,"column":18},"end":{"line":12,"column":3}},"line":10},"2":{"name":"(anonymous_2)","decl":{"start":{"line":94,"column":17},"end":{"line":94,"column":18}},"loc":{"start":{"line":94,"column":23},"end":{"line":94,"column":41}},"line":94},"3":{"name":"(anonymous_3)","decl":{"start":{"line":102,"column":27},"end":{"line":102,"column":28}},"loc":{"start":{"line":103,"column":10},"end":{"line":114,"column":23}},"line":103},"4":{"name":"(anonymous_4)","decl":{"start":{"line":155,"column":28},"end":{"line":155,"column":29}},"loc":{"start":{"line":156,"column":10},"end":{"line":173,"column":12}},"line":156}},"branchMap":{"0":{"loc":{"start":{"line":26,"column":28},"end":{"line":26,"column":46}},"type":"cond-expr","locations":[{"start":{"line":26,"column":39},"end":{"line":26,"column":42}},{"start":{"line":26,"column":45},"end":{"line":26,"column":46}}],"line":26},"1":{"loc":{"start":{"line":26,"column":55},"end":{"line":26,"column":71}},"type":"cond-expr","locations":[{"start":{"line":26,"column":66},"end":{"line":26,"column":67}},{"start":{"line":26,"column":70},"end":{"line":26,"column":71}}],"line":26}},"s":{"0":0,"1":0,"2":0,"3":0,"4":0,"5":0,"6":0,"7":0,"8":0,"9":0},"f":{"0":0,"1":0,"2":0,"3":0,"4":0},"b":{"0":[0,0],"1":[0,0]}}
}
