TN:
SF:src\App.js
FN:38,App
FN:42,(anonymous_1)
FN:47,(anonymous_2)
FN:58,(anonymous_3)
FN:63,(anonymous_4)
FNF:5
FNH:0
FNDA:0,App
FNDA:0,(anonymous_1)
FNDA:0,(anonymous_2)
FNDA:0,(anonymous_3)
FNDA:0,(anonymous_4)
DA:39,0
DA:40,0
DA:42,0
DA:44,0
DA:47,0
DA:48,0
DA:49,0
DA:51,0
DA:56,0
DA:58,0
DA:59,0
DA:63,0
DA:64,0
DA:65,0
DA:66,0
DA:68,0
DA:70,0
DA:75,0
DA:77,0
DA:78,0
DA:85,0
LF:21
LH:0
BRDA:48,0,0,0
BRDA:48,0,1,0
BRDA:75,1,0,0
BRDA:75,1,1,0
BRDA:77,2,0,0
BRDA:77,2,1,0
BRDA:100,3,0,0
BRDA:100,3,1,0
BRDA:103,4,0,0
BRDA:103,4,1,0
BRDA:107,5,0,0
BRDA:107,5,1,0
BRDA:121,6,0,0
BRDA:121,6,1,0
BRDA:125,7,0,0
BRDA:125,7,1,0
BRDA:129,8,0,0
BRDA:129,8,1,0
BRDA:133,9,0,0
BRDA:133,9,1,0
BRDA:137,10,0,0
BRDA:137,10,1,0
BRDA:141,11,0,0
BRDA:141,11,1,0
BRDA:145,12,0,0
BRDA:145,12,1,0
BRDA:149,13,0,0
BRDA:149,13,1,0
BRDA:153,14,0,0
BRDA:153,14,1,0
BRDA:157,15,0,0
BRDA:157,15,1,0
BRDA:163,16,0,0
BRDA:163,16,1,0
BRF:34
BRH:0
end_of_record
TN:
SF:src\components\Login.jsx
FN:8,(anonymous_0)
FN:15,(anonymous_1)
FN:83,(anonymous_2)
FN:96,(anonymous_3)
FN:108,(anonymous_4)
FN:127,(anonymous_5)
FNF:6
FNH:0
FNDA:0,(anonymous_0)
FNDA:0,(anonymous_1)
FNDA:0,(anonymous_2)
FNDA:0,(anonymous_3)
FNDA:0,(anonymous_4)
FNDA:0,(anonymous_5)
DA:8,0
DA:9,0
DA:10,0
DA:11,0
DA:12,0
DA:13,0
DA:15,0
DA:16,0
DA:17,0
DA:19,0
DA:20,0
DA:22,0
DA:33,0
DA:35,0
DA:38,0
DA:43,0
DA:45,0
DA:46,0
DA:49,0
DA:51,0
DA:55,0
DA:83,0
DA:96,0
DA:108,0
DA:127,0
LF:25
LH:0
BRDA:20,0,0,0
BRDA:20,0,1,0
BRDA:33,1,0,0
BRDA:33,1,1,0
BRDA:43,2,0,0
BRDA:43,2,1,0
BRDA:121,3,0,0
BRDA:121,3,1,0
BRDA:121,4,0,0
BRDA:121,4,1,0
BRDA:130,5,0,0
BRDA:130,5,1,0
BRF:12
BRH:0
end_of_record
TN:
SF:src\components\ManagerDashboard.jsx
FN:42,(anonymous_0)
FN:97,(anonymous_1)
FN:99,(anonymous_2)
FN:113,(anonymous_3)
FN:127,(anonymous_4)
FN:180,(anonymous_5)
FNF:6
FNH:0
FNDA:0,(anonymous_0)
FNDA:0,(anonymous_1)
FNDA:0,(anonymous_2)
FNDA:0,(anonymous_3)
FNDA:0,(anonymous_4)
FNDA:0,(anonymous_5)
DA:29,0
DA:42,0
DA:43,0
DA:44,0
DA:45,0
DA:46,0
DA:49,0
DA:61,0
DA:73,0
DA:84,0
DA:91,0
DA:97,0
DA:99,0
DA:100,0
DA:101,0
DA:106,0
DA:108,0
DA:113,0
DA:114,0
DA:115,0
DA:120,0
DA:122,0
DA:127,0
DA:128,0
DA:129,0
DA:134,0
DA:136,0
DA:140,0
DA:141,0
DA:142,0
DA:145,0
DA:181,0
LF:32
LH:0
BRDA:160,0,0,0
BRDA:160,0,1,0
BRDA:161,1,0,0
BRDA:161,1,1,0
BRDA:162,2,0,0
BRDA:162,2,1,0
BRDA:169,3,0,0
BRDA:169,3,1,0
BRDA:170,4,0,0
BRDA:170,4,1,0
BRDA:171,5,0,0
BRDA:171,5,1,0
BRDA:178,6,0,0
BRDA:178,6,1,0
BRF:14
BRH:0
end_of_record
TN:
SF:src\components\MarketingBanner.jsx
FN:10,(anonymous_0)
FN:90,(anonymous_1)
FN:98,(anonymous_2)
FN:107,(anonymous_3)
FN:121,(anonymous_4)
FN:122,(anonymous_5)
FN:135,(anonymous_6)
FN:136,(anonymous_7)
FN:137,(anonymous_8)
FN:140,(anonymous_9)
FN:147,(anonymous_10)
FN:150,(anonymous_11)
FN:157,(anonymous_12)
FN:184,(anonymous_13)
FN:295,(anonymous_14)
FN:380,(anonymous_15)
FN:391,(anonymous_16)
FN:414,(anonymous_17)
FNF:18
FNH:0
FNDA:0,(anonymous_0)
FNDA:0,(anonymous_1)
FNDA:0,(anonymous_2)
FNDA:0,(anonymous_3)
FNDA:0,(anonymous_4)
FNDA:0,(anonymous_5)
FNDA:0,(anonymous_6)
FNDA:0,(anonymous_7)
FNDA:0,(anonymous_8)
FNDA:0,(anonymous_9)
FNDA:0,(anonymous_10)
FNDA:0,(anonymous_11)
FNDA:0,(anonymous_12)
FNDA:0,(anonymous_13)
FNDA:0,(anonymous_14)
FNDA:0,(anonymous_15)
FNDA:0,(anonymous_16)
FNDA:0,(anonymous_17)
DA:10,0
DA:11,0
DA:12,0
DA:13,0
DA:14,0
DA:15,0
DA:16,0
DA:17,0
DA:20,0
DA:90,0
DA:92,0
DA:93,0
DA:94,0
DA:97,0
DA:98,0
DA:99,0
DA:100,0
DA:104,0
DA:107,0
DA:108,0
DA:115,0
DA:116,0
DA:117,0
DA:121,0
DA:122,0
DA:123,0
DA:124,0
DA:125,0
DA:126,0
DA:127,0
DA:128,0
DA:130,0
DA:135,0
DA:136,0
DA:137,0
DA:140,0
DA:141,0
DA:142,0
DA:143,0
DA:147,0
DA:148,0
DA:150,0
DA:151,0
DA:152,0
DA:153,0
DA:157,0
DA:159,0
DA:164,0
DA:167,0
DA:175,0
DA:176,0
DA:179,0
DA:181,0
DA:184,0
DA:185,0
DA:296,0
DA:380,0
DA:392,0
DA:414,0
DA:415,0
DA:506,0
LF:61
LH:0
BRDA:97,0,0,0
BRDA:97,0,1,0
BRDA:97,1,0,0
BRDA:97,1,1,0
BRDA:97,1,2,0
BRDA:101,2,0,0
BRDA:101,2,1,0
BRDA:115,3,0,0
BRDA:115,3,1,0
BRDA:123,4,0,0
BRDA:123,4,1,0
BRDA:125,5,0,0
BRDA:125,5,1,0
BRDA:127,6,0,0
BRDA:127,6,1,0
BRDA:175,7,0,0
BRDA:175,7,1,0
BRDA:179,8,0,0
BRDA:179,8,1,0
BRDA:224,9,0,0
BRDA:224,9,1,0
BRDA:235,10,0,0
BRDA:235,10,1,0
BRDA:246,11,0,0
BRDA:246,11,1,0
BRDA:274,12,0,0
BRDA:274,12,1,0
BRDA:293,13,0,0
BRDA:293,13,1,0
BRDA:311,14,0,0
BRDA:311,14,1,0
BRDA:331,15,0,0
BRDA:331,15,1,0
BRDA:378,16,0,0
BRDA:378,16,1,0
BRDA:389,17,0,0
BRDA:389,17,1,0
BRDA:401,18,0,0
BRDA:401,18,1,0
BRDA:401,18,2,0
BRDA:449,19,0,0
BRDA:449,19,1,0
BRDA:463,20,0,0
BRDA:463,20,1,0
BRDA:463,20,2,0
BRDA:467,21,0,0
BRDA:467,21,1,0
BRDA:512,22,0,0
BRDA:512,22,1,0
BRF:49
BRH:0
end_of_record
TN:
SF:src\components\Navigation.jsx
FN:12,(anonymous_0)
FN:19,(anonymous_1)
FN:75,(anonymous_2)
FN:84,(anonymous_3)
FN:85,(anonymous_4)
FN:116,(anonymous_5)
FN:120,(anonymous_6)
FN:127,(anonymous_7)
FN:178,(anonymous_8)
FN:182,(anonymous_9)
FN:187,(anonymous_10)
FN:242,(anonymous_11)
FN:252,(anonymous_12)
FN:256,(anonymous_13)
FN:260,(anonymous_14)
FN:297,(anonymous_15)
FN:317,(anonymous_16)
FN:335,(anonymous_17)
FN:352,(anonymous_18)
FN:360,(anonymous_19)
FN:361,(anonymous_20)
FN:368,(anonymous_21)
FNF:22
FNH:0
FNDA:0,(anonymous_0)
FNDA:0,(anonymous_1)
FNDA:0,(anonymous_2)
FNDA:0,(anonymous_3)
FNDA:0,(anonymous_4)
FNDA:0,(anonymous_5)
FNDA:0,(anonymous_6)
FNDA:0,(anonymous_7)
FNDA:0,(anonymous_8)
FNDA:0,(anonymous_9)
FNDA:0,(anonymous_10)
FNDA:0,(anonymous_11)
FNDA:0,(anonymous_12)
FNDA:0,(anonymous_13)
FNDA:0,(anonymous_14)
FNDA:0,(anonymous_15)
FNDA:0,(anonymous_16)
FNDA:0,(anonymous_17)
FNDA:0,(anonymous_18)
FNDA:0,(anonymous_19)
FNDA:0,(anonymous_20)
FNDA:0,(anonymous_21)
DA:12,0
DA:13,0
DA:14,0
DA:15,0
DA:16,0
DA:17,0
DA:19,0
DA:20,0
DA:21,0
DA:22,0
DA:23,0
DA:24,0
DA:26,0
DA:30,0
DA:63,0
DA:70,0
DA:75,0
DA:76,0
DA:84,0
DA:85,0
DA:117,0
DA:120,0
DA:128,0
DA:179,0
DA:182,0
DA:188,0
DA:242,0
DA:243,0
DA:253,0
DA:256,0
DA:261,0
DA:297,0
DA:317,0
DA:335,0
DA:353,0
DA:360,0
DA:361,0
DA:369,0
DA:411,0
LF:39
LH:0
BRDA:22,0,0,0
BRDA:22,0,1,0
BRDA:70,1,0,0
BRDA:70,1,1,0
BRDA:82,2,0,0
BRDA:82,2,1,0
BRDA:91,3,0,0
BRDA:91,3,1,0
BRDA:101,4,0,0
BRDA:101,4,1,0
BRDA:122,5,0,0
BRDA:122,5,1,0
BRDA:123,6,0,0
BRDA:123,6,1,0
BRDA:136,7,0,0
BRDA:136,7,1,0
BRDA:138,8,0,0
BRDA:138,8,1,0
BRDA:147,9,0,0
BRDA:147,9,1,0
BRDA:155,10,0,0
BRDA:155,10,1,0
BRDA:159,11,0,0
BRDA:159,11,1,0
BRDA:184,12,0,0
BRDA:184,12,1,0
BRDA:191,13,0,0
BRDA:191,13,1,0
BRDA:194,14,0,0
BRDA:194,14,1,0
BRDA:200,15,0,0
BRDA:200,15,1,0
BRDA:214,16,0,0
BRDA:214,16,1,0
BRDA:223,17,0,0
BRDA:223,17,1,0
BRDA:268,18,0,0
BRDA:268,18,1,0
BRDA:272,19,0,0
BRDA:272,19,1,0
BRDA:275,20,0,0
BRDA:275,20,1,0
BRDA:284,21,0,0
BRDA:284,21,1,0
BRDA:311,22,0,0
BRDA:311,22,1,0
BRDA:343,23,0,0
BRDA:343,23,1,0
BRDA:363,24,0,0
BRDA:363,24,1,0
BRDA:364,25,0,0
BRDA:364,25,1,0
BRDA:372,26,0,0
BRDA:372,26,1,0
BRDA:375,27,0,0
BRDA:375,27,1,0
BRDA:379,28,0,0
BRDA:379,28,1,0
BRDA:392,29,0,0
BRDA:392,29,1,0
BRF:60
BRH:0
end_of_record
TN:
SF:src\components\3d\ThreeDCard.jsx
FN:4,(anonymous_0)
FNF:1
FNH:0
FNDA:0,(anonymous_0)
DA:4,0
DA:5,0
LF:2
LH:0
BRF:0
BRH:0
end_of_record
TN:
SF:src\pages\AboutPage.jsx
FN:6,(anonymous_0)
FN:24,(anonymous_1)
FN:116,(anonymous_2)
FN:185,(anonymous_3)
FNF:4
FNH:0
FNDA:0,(anonymous_0)
FNDA:0,(anonymous_1)
FNDA:0,(anonymous_2)
FNDA:0,(anonymous_3)
DA:6,0
DA:7,0
DA:9,0
DA:16,0
DA:24,0
DA:117,0
DA:185,0
LF:7
LH:0
BRF:0
BRH:0
end_of_record
TN:
SF:src\pages\ApplicationsPage.jsx
FN:7,(anonymous_0)
FN:50,(anonymous_1)
FN:51,(anonymous_2)
FN:52,(anonymous_3)
FN:53,(anonymous_4)
FN:66,(anonymous_5)
FN:85,(anonymous_6)
FN:103,(anonymous_7)
FN:127,(anonymous_8)
FN:158,(anonymous_9)
FN:221,(anonymous_10)
FN:239,(anonymous_11)
FN:253,(anonymous_12)
FNF:13
FNH:0
FNDA:0,(anonymous_0)
FNDA:0,(anonymous_1)
FNDA:0,(anonymous_2)
FNDA:0,(anonymous_3)
FNDA:0,(anonymous_4)
FNDA:0,(anonymous_5)
FNDA:0,(anonymous_6)
FNDA:0,(anonymous_7)
FNDA:0,(anonymous_8)
FNDA:0,(anonymous_9)
FNDA:0,(anonymous_10)
FNDA:0,(anonymous_11)
FNDA:0,(anonymous_12)
DA:7,0
DA:8,0
DA:9,0
DA:10,0
DA:49,0
DA:50,0
DA:51,0
DA:52,0
DA:53,0
DA:56,0
DA:64,0
DA:66,0
DA:67,0
DA:74,0
DA:77,0
DA:85,0
DA:104,0
DA:128,0
DA:129,0
DA:131,0
DA:159,0
DA:221,0
DA:239,0
DA:254,0
LF:24
LH:0
BRDA:50,0,0,0
BRDA:50,0,1,0
BRDA:116,1,0,0
BRDA:116,1,1,0
BRDA:167,2,0,0
BRDA:167,2,1,0
BRDA:173,3,0,0
BRDA:173,3,1,0
BRDA:178,4,0,0
BRDA:178,4,1,0
BRDA:183,5,0,0
BRDA:183,5,1,0
BRDA:205,6,0,0
BRDA:205,6,1,0
BRDA:226,7,0,0
BRDA:226,7,1,0
BRDA:235,8,0,0
BRDA:235,8,1,0
BRDA:235,8,2,0
BRF:19
BRH:0
end_of_record
TN:
SF:src\pages\CompanyDetailsPage.jsx
FN:5,(anonymous_0)
FN:14,(anonymous_1)
FNF:2
FNH:0
FNDA:0,(anonymous_0)
FNDA:0,(anonymous_1)
DA:5,0
DA:6,0
DA:7,0
DA:14,0
LF:4
LH:0
BRF:0
BRH:0
end_of_record
TN:
SF:src\pages\ContactPage.jsx
FN:5,(anonymous_0)
FN:14,(anonymous_1)
FNF:2
FNH:0
FNDA:0,(anonymous_0)
FNDA:0,(anonymous_1)
DA:5,0
DA:6,0
DA:7,0
DA:14,0
LF:4
LH:0
BRF:0
BRH:0
end_of_record
TN:
SF:src\pages\DashboardPage.jsx
FN:5,(anonymous_0)
FN:14,(anonymous_1)
FNF:2
FNH:0
FNDA:0,(anonymous_0)
FNDA:0,(anonymous_1)
DA:5,0
DA:6,0
DA:7,0
DA:14,0
LF:4
LH:0
BRF:0
BRH:0
end_of_record
TN:
SF:src\pages\ForgotPasswordPage.jsx
FN:6,(anonymous_0)
FN:10,(anonymous_1)
FN:13,(anonymous_2)
FN:30,(anonymous_3)
FNF:4
FNH:0
FNDA:0,(anonymous_0)
FNDA:0,(anonymous_1)
FNDA:0,(anonymous_2)
FNDA:0,(anonymous_3)
DA:6,0
DA:7,0
DA:8,0
DA:10,0
DA:12,0
DA:13,0
DA:16,0
DA:30,0
LF:8
LH:0
BRF:0
BRH:0
end_of_record
TN:
SF:src\pages\HelpPage.jsx
FN:5,(anonymous_0)
FN:14,(anonymous_1)
FNF:2
FNH:0
FNDA:0,(anonymous_0)
FNDA:0,(anonymous_1)
DA:5,0
DA:6,0
DA:7,0
DA:14,0
LF:4
LH:0
BRF:0
BRH:0
end_of_record
TN:
SF:src\pages\HomePage.jsx
FN:8,(anonymous_0)
FN:22,(anonymous_1)
FN:26,(anonymous_2)
FN:65,(anonymous_3)
FN:66,(anonymous_4)
FN:67,(anonymous_5)
FN:84,(anonymous_6)
FN:123,(anonymous_7)
FN:148,(anonymous_8)
FN:156,(anonymous_9)
FN:190,(anonymous_10)
FNF:11
FNH:0
FNDA:0,(anonymous_0)
FNDA:0,(anonymous_1)
FNDA:0,(anonymous_2)
FNDA:0,(anonymous_3)
FNDA:0,(anonymous_4)
FNDA:0,(anonymous_5)
FNDA:0,(anonymous_6)
FNDA:0,(anonymous_7)
FNDA:0,(anonymous_8)
FNDA:0,(anonymous_9)
FNDA:0,(anonymous_10)
DA:8,0
DA:9,0
DA:10,0
DA:11,0
DA:16,0
DA:22,0
DA:23,0
DA:26,0
DA:27,0
DA:28,0
DA:31,0
DA:38,0
DA:40,0
DA:64,0
DA:65,0
DA:66,0
DA:67,0
DA:70,0
DA:85,0
DA:124,0
DA:149,0
DA:156,0
DA:190,0
LF:23
LH:0
BRDA:78,0,0,0
BRDA:78,0,1,0
BRDA:168,1,0,0
BRDA:168,1,1,0
BRDA:169,2,0,0
BRDA:169,2,1,0
BRDA:170,3,0,0
BRDA:170,3,1,0
BRDA:171,4,0,0
BRDA:171,4,1,0
BRF:10
BRH:0
end_of_record
TN:
SF:src\pages\JobsPage.jsx
FN:8,(anonymous_0)
FN:69,(anonymous_1)
FN:72,(anonymous_2)
FN:78,(anonymous_3)
FN:82,(anonymous_4)
FN:95,(anonymous_5)
FN:101,(anonymous_6)
FN:127,(anonymous_7)
FN:140,(anonymous_8)
FN:145,(anonymous_9)
FN:160,(anonymous_10)
FN:212,(anonymous_11)
FN:220,(anonymous_12)
FN:229,(anonymous_13)
FN:263,(anonymous_14)
FN:270,(anonymous_15)
FNF:16
FNH:0
FNDA:0,(anonymous_0)
FNDA:0,(anonymous_1)
FNDA:0,(anonymous_2)
FNDA:0,(anonymous_3)
FNDA:0,(anonymous_4)
FNDA:0,(anonymous_5)
FNDA:0,(anonymous_6)
FNDA:0,(anonymous_7)
FNDA:0,(anonymous_8)
FNDA:0,(anonymous_9)
FNDA:0,(anonymous_10)
FNDA:0,(anonymous_11)
FNDA:0,(anonymous_12)
FNDA:0,(anonymous_13)
FNDA:0,(anonymous_14)
FNDA:0,(anonymous_15)
DA:8,0
DA:9,0
DA:10,0
DA:11,0
DA:12,0
DA:13,0
DA:14,0
DA:15,0
DA:62,0
DA:69,0
DA:70,0
DA:72,0
DA:73,0
DA:74,0
DA:78,0
DA:79,0
DA:82,0
DA:83,0
DA:87,0
DA:95,0
DA:101,0
DA:127,0
DA:141,0
DA:145,0
DA:161,0
DA:212,0
DA:220,0
DA:229,0
DA:263,0
DA:270,0
LF:30
LH:0
BRDA:83,0,0,0
BRDA:83,0,1,0
BRDA:147,1,0,0
BRDA:147,1,1,0
BRDA:181,2,0,0
BRDA:181,2,1,0
BRDA:182,3,0,0
BRDA:182,3,1,0
BRDA:183,4,0,0
BRDA:183,4,1,0
BRDA:184,5,0,0
BRDA:184,5,1,0
BRDA:257,6,0,0
BRDA:257,6,1,0
BRF:14
BRH:0
end_of_record
TN:
SF:src\pages\LoadingPage.jsx
FN:4,(anonymous_0)
FN:7,(anonymous_1)
FN:8,(anonymous_2)
FN:9,(anonymous_3)
FN:18,(anonymous_4)
FN:82,(anonymous_5)
FN:167,(anonymous_6)
FNF:7
FNH:0
FNDA:0,(anonymous_0)
FNDA:0,(anonymous_1)
FNDA:0,(anonymous_2)
FNDA:0,(anonymous_3)
FNDA:0,(anonymous_4)
FNDA:0,(anonymous_5)
FNDA:0,(anonymous_6)
DA:4,0
DA:5,0
DA:7,0
DA:8,0
DA:9,0
DA:10,0
DA:11,0
DA:12,0
DA:14,0
DA:18,0
DA:21,0
DA:83,0
DA:168,0
LF:13
LH:0
BRDA:4,0,0,0
BRDA:10,1,0,0
BRDA:10,1,1,0
BRDA:156,2,0,0
BRDA:156,2,1,0
BRDA:157,3,0,0
BRDA:157,3,1,0
BRDA:157,3,2,0
BRDA:158,4,0,0
BRDA:158,4,1,0
BRDA:158,4,2,0
BRDA:159,5,0,0
BRDA:159,5,1,0
BRDA:159,5,2,0
BRDA:160,6,0,0
BRDA:160,6,1,0
BRDA:160,6,2,0
BRDA:161,7,0,0
BRDA:161,7,1,0
BRDA:185,8,0,0
BRDA:185,8,1,0
BRF:21
BRH:0
end_of_record
TN:
SF:src\pages\LoginPage.jsx
FN:8,(anonymous_0)
FN:15,(anonymous_1)
FN:36,(anonymous_2)
FN:103,(anonymous_3)
FN:121,(anonymous_4)
FN:139,(anonymous_5)
FN:201,(anonymous_6)
FN:206,(anonymous_7)
FN:234,(anonymous_8)
FNF:9
FNH:0
FNDA:0,(anonymous_0)
FNDA:0,(anonymous_1)
FNDA:0,(anonymous_2)
FNDA:0,(anonymous_3)
FNDA:0,(anonymous_4)
FNDA:0,(anonymous_5)
FNDA:0,(anonymous_6)
FNDA:0,(anonymous_7)
FNDA:0,(anonymous_8)
DA:8,0
DA:9,0
DA:10,0
DA:11,0
DA:12,0
DA:13,0
DA:15,0
DA:16,0
DA:17,0
DA:19,0
DA:20,0
DA:25,0
DA:27,0
DA:28,0
DA:30,0
DA:32,0
DA:36,0
DA:37,0
DA:38,0
DA:42,0
DA:44,0
DA:48,0
DA:103,0
DA:121,0
DA:139,0
DA:202,0
DA:206,0
DA:235,0
LF:28
LH:0
BRDA:25,0,0,0
BRDA:25,0,1,0
BRDA:42,1,0,0
BRDA:42,1,1,0
BRDA:163,2,0,0
BRDA:163,2,1,0
BRF:6
BRH:0
end_of_record
TN:
SF:src\pages\NotFoundPage.jsx
FN:5,(anonymous_0)
FN:20,(anonymous_1)
FNF:2
FNH:0
FNDA:0,(anonymous_0)
FNDA:0,(anonymous_1)
DA:5,0
DA:6,0
DA:7,0
DA:20,0
LF:4
LH:0
BRF:0
BRH:0
end_of_record
TN:
SF:src\pages\PrivacyPage.jsx
FN:5,(anonymous_0)
FN:14,(anonymous_1)
FNF:2
FNH:0
FNDA:0,(anonymous_0)
FNDA:0,(anonymous_1)
DA:5,0
DA:6,0
DA:7,0
DA:14,0
LF:4
LH:0
BRF:0
BRH:0
end_of_record
TN:
SF:src\pages\ProfilePage.jsx
FN:8,(anonymous_0)
FN:37,(anonymous_1)
FN:42,(anonymous_2)
FN:125,(anonymous_3)
FN:153,(anonymous_4)
FN:194,(anonymous_5)
FNF:6
FNH:0
FNDA:0,(anonymous_0)
FNDA:0,(anonymous_1)
FNDA:0,(anonymous_2)
FNDA:0,(anonymous_3)
FNDA:0,(anonymous_4)
FNDA:0,(anonymous_5)
DA:8,0
DA:9,0
DA:10,0
DA:27,0
DA:29,0
DA:37,0
DA:42,0
DA:126,0
DA:154,0
DA:195,0
LF:10
LH:0
BRF:0
BRH:0
end_of_record
TN:
SF:src\pages\SettingsPage.jsx
FN:11,(anonymous_0)
FN:44,(anonymous_1)
FN:46,(anonymous_2)
FN:52,(anonymous_3)
FN:60,(anonymous_4)
FN:61,(anonymous_5)
FN:75,(anonymous_6)
FN:81,(anonymous_7)
FN:91,(anonymous_8)
FN:99,(anonymous_9)
FN:126,(anonymous_10)
FN:140,(anonymous_11)
FN:181,(anonymous_12)
FN:225,(anonymous_13)
FN:244,(anonymous_14)
FN:264,(anonymous_15)
FNF:16
FNH:0
FNDA:0,(anonymous_0)
FNDA:0,(anonymous_1)
FNDA:0,(anonymous_2)
FNDA:0,(anonymous_3)
FNDA:0,(anonymous_4)
FNDA:0,(anonymous_5)
FNDA:0,(anonymous_6)
FNDA:0,(anonymous_7)
FNDA:0,(anonymous_8)
FNDA:0,(anonymous_9)
FNDA:0,(anonymous_10)
FNDA:0,(anonymous_11)
FNDA:0,(anonymous_12)
FNDA:0,(anonymous_13)
FNDA:0,(anonymous_14)
FNDA:0,(anonymous_15)
DA:11,0
DA:12,0
DA:13,0
DA:18,0
DA:24,0
DA:44,0
DA:45,0
DA:46,0
DA:50,0
DA:51,0
DA:52,0
DA:56,0
DA:60,0
DA:61,0
DA:67,0
DA:75,0
DA:82,0
DA:92,0
DA:99,0
DA:127,0
DA:140,0
DA:181,0
DA:225,0
DA:244,0
DA:265,0
LF:25
LH:0
BRDA:45,0,0,0
BRDA:45,0,1,0
BRDA:50,1,0,0
BRDA:50,1,1,0
BRDA:51,2,0,0
BRDA:51,2,1,0
BRDA:51,3,0,0
BRDA:51,3,1,0
BRDA:56,4,0,0
BRDA:56,4,1,0
BRDA:142,5,0,0
BRDA:142,5,1,0
BRDA:145,6,0,0
BRDA:145,6,1,0
BRDA:149,7,0,0
BRDA:149,7,1,0
BRDA:183,8,0,0
BRDA:183,8,1,0
BRDA:186,9,0,0
BRDA:186,9,1,0
BRDA:190,10,0,0
BRDA:190,10,1,0
BRDA:246,11,0,0
BRDA:246,11,1,0
BRDA:249,12,0,0
BRDA:249,12,1,0
BRDA:253,13,0,0
BRDA:253,13,1,0
BRDA:278,14,0,0
BRDA:278,14,1,0
BRF:30
BRH:0
end_of_record
TN:
SF:src\pages\SubscriptionPage.jsx
FN:7,(anonymous_0)
FN:60,(anonymous_1)
FN:68,(anonymous_2)
FN:83,(anonymous_3)
FN:100,(anonymous_4)
FN:107,(anonymous_5)
FN:174,(anonymous_6)
FN:222,(anonymous_7)
FN:272,(anonymous_8)
FNF:9
FNH:0
FNDA:0,(anonymous_0)
FNDA:0,(anonymous_1)
FNDA:0,(anonymous_2)
FNDA:0,(anonymous_3)
FNDA:0,(anonymous_4)
FNDA:0,(anonymous_5)
FNDA:0,(anonymous_6)
FNDA:0,(anonymous_7)
FNDA:0,(anonymous_8)
DA:7,0
DA:8,0
DA:9,0
DA:10,0
DA:12,0
DA:53,0
DA:60,0
DA:61,0
DA:62,0
DA:63,0
DA:66,0
DA:68,0
DA:69,0
DA:71,0
DA:75,0
DA:83,0
DA:101,0
DA:107,0
DA:175,0
DA:223,0
DA:273,0
LF:21
LH:0
BRDA:61,0,0,0
BRDA:61,0,1,0
BRDA:109,1,0,0
BRDA:109,1,1,0
BRDA:112,2,0,0
BRDA:112,2,1,0
BRDA:113,3,0,0
BRDA:113,3,1,0
BRDA:119,4,0,0
BRDA:119,4,1,0
BRDA:161,5,0,0
BRDA:161,5,1,0
BRDA:182,6,0,0
BRDA:182,6,1,0
BRDA:187,7,0,0
BRDA:187,7,1,0
BRDA:199,8,0,0
BRDA:199,8,1,0
BRDA:204,9,0,0
BRDA:204,9,1,0
BRDA:207,10,0,0
BRDA:207,10,1,0
BRDA:249,11,0,0
BRDA:249,11,1,0
BRDA:256,12,0,0
BRDA:256,12,1,0
BRF:26
BRH:0
end_of_record
TN:
SF:src\pages\TermsPage.jsx
FN:5,(anonymous_0)
FN:14,(anonymous_1)
FNF:2
FNH:0
FNDA:0,(anonymous_0)
FNDA:0,(anonymous_1)
DA:5,0
DA:6,0
DA:7,0
DA:14,0
LF:4
LH:0
BRF:0
BRH:0
end_of_record
TN:
SF:src\pages\WelcomePage.jsx
FN:6,(anonymous_0)
FN:10,(anonymous_1)
FN:94,(anonymous_2)
FN:102,(anonymous_3)
FN:155,(anonymous_4)
FNF:5
FNH:0
FNDA:0,(anonymous_0)
FNDA:0,(anonymous_1)
FNDA:0,(anonymous_2)
FNDA:0,(anonymous_3)
FNDA:0,(anonymous_4)
DA:6,0
DA:7,0
DA:8,0
DA:10,0
DA:11,0
DA:14,0
DA:21,0
DA:94,0
DA:103,0
DA:156,0
LF:10
LH:0
BRDA:26,0,0,0
BRDA:26,0,1,0
BRDA:26,1,0,0
BRDA:26,1,1,0
BRF:4
BRH:0
end_of_record
